Removed Member From Class: ClassName=Relay and connector Member=C301
Removed Member From Class: ClassName=Relay and connector Member=C303
Change Component Designator: OldDesignator="CP2102" NewDesignator=CP2102
Change Component Designator: OldDesignator=13 NewDesignator=L13
Change Component Designator: OldDesignator=C1 NewDesignator=C4
Change Component Designator: OldDesignator=C2 NewDesignator=C5
Change Component Designator: OldDesignator=C3 NewDesignator=C1
Change Component Designator: OldDesignator=C4 NewDesignator=C2
Change Component Designator: OldDesignator=C5 NewDesignator=C3
Change Component Designator: OldDesignator=C6 NewDesignator=C7
Change Component Designator: OldDesignator=C7 NewDesignator=C8
Change Component Designator: OldDesignator=C8 NewDesignator=C9
Change Component Designator: OldDesignator=C9 NewDesignator=C10
Change Component Designator: OldDesignator=C10 NewDesignator=C6
Change Component Designator: OldDesignator=C11 NewDesignator=C24
Change Component Designator: OldDesignator=C12 NewDesignator=C17
Change Component Designator: OldDesignator=C13 NewDesignator=C19
Change Component Designator: OldDesignator=C101 NewDesignator=C25
Change Component Designator: OldDesignator=C102 NewDesignator=C26
Change Component Designator: OldDesignator=C104 NewDesignator=C27
Change Component Designator: OldDesignator=C105 NewDesignator=C28
Change Component Designator: OldDesignator=C201 NewDesignator=C20
Change Component Designator: OldDesignator=C203 NewDesignator=C22
Change Component Designator: OldDesignator=C204 NewDesignator=C21
Change Component Designator: OldDesignator=C205 NewDesignator=C23
Change Component Designator: OldDesignator=C301 NewDesignator=C12
Change Component Designator: OldDesignator=C302 NewDesignator=C18
Change Component Designator: OldDesignator=C303 NewDesignator=C13
Change Component Designator: OldDesignator=C304 NewDesignator=C15
Change Component Designator: OldDesignator=C305 NewDesignator=C14
Change Component Designator: OldDesignator=C306 NewDesignator=C16
Change Component Designator: OldDesignator=C401 NewDesignator=C11
Change Component Designator: OldDesignator=D101 NewDesignator=D3
Change Component Designator: OldDesignator=D301 NewDesignator=D2
Change Component Designator: OldDesignator=IC101 NewDesignator=IC5
Change Component Designator: OldDesignator=IC201 NewDesignator=IC4
Change Component Designator: OldDesignator=IC301 NewDesignator=IC2
Change Component Designator: OldDesignator=IC302 NewDesignator=IC3
Change Component Designator: OldDesignator=IC401 NewDesignator=IC1
Change Component Designator: OldDesignator=R3 NewDesignator=R5
Change Component Designator: OldDesignator=R4 NewDesignator=R6
Change Component Designator: OldDesignator=R5 NewDesignator=R7
Change Component Designator: OldDesignator=R6 NewDesignator=R8
Change Component Designator: OldDesignator=R7 NewDesignator=R9
Change Component Designator: OldDesignator=R101 NewDesignator=R12
Change Component Designator: OldDesignator=R102 NewDesignator=R13
Change Component Designator: OldDesignator=R103 NewDesignator=R15
Change Component Designator: OldDesignator=R104 NewDesignator=R16
Change Component Designator: OldDesignator=R105 NewDesignator=R14
Change Component Designator: OldDesignator=R201 NewDesignator=R10
Change Component Designator: OldDesignator=R202 NewDesignator=R11
Change Component Designator: OldDesignator=R401 NewDesignator=R3
Change Component Designator: OldDesignator=R402 NewDesignator=R4
Change Component Designator: OldDesignator=X1 NewDesignator=POWER
Change Net Name : Old Net Name=Net13_2 New Net Name=NetL13_2
Change Net Name : Old Net Name=Net"CP2102"_2 New Net Name=NetC24_1
Change Net Name : Old Net Name=Net"CP2102"_3 New Net Name=NetCP2102_3
Change Net Name : Old Net Name=Net"CP2102"_4 New Net Name=NetCP2102_4
Change Net Name : Old Net Name=Net"CP2102"_6 New Net Name=NetCP2102_6
Change Net Name : Old Net Name=NetC104_1 New Net Name=NetC27_1
Change Net Name : Old Net Name=NetC105_1 New Net Name=NetC28_1
Change Net Name : Old Net Name=NetD301_2 New Net Name=NetD2_2
Change Net Name : Old Net Name=NetIC401_6 New Net Name=NetIC1_6
Change Net Name : Old Net Name=NetIC401_7 New Net Name=NetIC1_7
Change Net Name : Old Net Name=NetR5_1 New Net Name=NetR7_1
Change Net Name : Old Net Name=NetR6_1 New Net Name=NetR8_1
Change Net Name : Old Net Name=NetR7_1 New Net Name=NetR9_1
Change Net Name : Old Net Name=NetR201_2 New Net Name=NetR10_2
Change Net Name : Old Net Name=NetR202_2 New Net Name=NetR11_2
Added Member To Class: ClassName=Relay and connector Member=Component C17 Ceramic capacitor, 0.1?F, X7R, ±10%, , 0805, -55...+125°C
Added Member To Class: ClassName=Relay and connector Member=Component C19 Ceramic capacitor, 0.1?F, X7R, ±10%, , 0805, -55...+125°C
