Removed Pin From Net: NetName=1/2VCC2 Pin=C29-1
Removed Pin From Net: NetName=1/2VCC Pin=C31-1
Removed Pin From Net: NetName=A Pin=C31-2
Removed Pin From Net: NetName=+9 Pin=C32-1
Removed Pin From Net: NetName=A Pin=C32-2
Removed Member From Class: ClassName=DIFFAMP Member=C32
Change Component Footprint: Designator=C29 Old Footprint=CAP: D6.3C2.5H11 New Footprint=CAP: TANTAL-D
Change Component Footprint: Designator=C30 Old Footprint=CAP: D6.3C2.5H11 New Footprint=CAP: TANTAL-D
Change Component Footprint: Designator=C31 Old Footprint=CAP: D6.3C2.5H11 New Footprint=CAP: TANTAL-D
Change Component Comment : Designator=C29 Old Comment=Aluminium capacitor, 100?F, 25V, ±20%, 54mOhm, 14x10x5 mm, -55...+105°C New Comment=Tantalum capacitor, 100?F, 16V, ±20%, 900mOhm, case D (7343), -55...+125°C
Change Component Comment : Designator=C30 Old Comment=Aluminium capacitor, 100?F, 25V, ±20%, 54mOhm, 14x10x5 mm, -55...+105°C New Comment=Tantalum capacitor, 100?F, 16V, ±20%, 900mOhm, case D (7343), -55...+125°C
Change Component Comment : Designator=C31 Old Comment=Aluminium capacitor, 100?F, 25V, ±20%, 54mOhm, 14x10x5 mm, -55...+105°C New Comment=Tantalum capacitor, 100?F, 16V, ±20%, 900mOhm, case D (7343), -55...+125°C
Change component parameters: Designator = "C29" ("C29"); Footprint = "CAP: D6.3C2.5H11"; UniqueID = "\ZOWGORWB" ("\ZOWGORWB")
Change component parameters (AddParameter): Name = "HelpURL"; Value = "https://www.digikey.com/product-detail/en/avx-corporation/TAJD476M035RNJV/478-12122-1-ND/8605695"; VariantName = "[No Variations]"
Change component parameters (AddParameter): Name = "Impedance"; Value = "900mOhm"; VariantName = "[No Variations]"
Change component parameters (AddParameter): Name = "Manufacturer"; Value = "AVX"; VariantName = "[No Variations]"
Change component parameters (AddParameter): Name = "Package"; Value = "case D (7343)"; VariantName = "[No Variations]"
Change component parameters (AddParameter): Name = "PartNumber"; Value = "TAJD476M035RNJV"; VariantName = "[No Variations]"
Change component parameters (AddParameter): Name = "Temperature"; Value = "-55...+125°C"; VariantName = "[No Variations]"
Change component parameters (AddParameter): Name = "Tolerance"; Value = "±20%"; VariantName = "[No Variations]"
Change component parameters (AddParameter): Name = "TypeCapacitor"; Value = "Tantalum capacitor"; VariantName = "[No Variations]"
Change component parameters (AddParameter): Name = "TypeDielectric"; Value = "X7R"; VariantName = "[No Variations]"
Change component parameters (AddParameter): Name = "Value"; Value = "100?F"; VariantName = "[No Variations]"
Change component parameters (AddParameter): Name = "ValueManufacturerPartNumber"; Value = "Tantalum capacitor, 100?F, 16V, ±20%, 900mOhm, case D (7343), -55...+125°C"; VariantName = "[No Variations]"
Change component parameters (AddParameter): Name = "Voltage"; Value = "16V"; VariantName = "[No Variations]"
Change component parameters: Designator = "C30" ("C30"); Footprint = "CAP: D6.3C2.5H11"; UniqueID = "\TPTXHZXF" ("\TPTXHZXF")
Change component parameters (AddParameter): Name = "HelpURL"; Value = "https://www.digikey.com/product-detail/en/avx-corporation/TAJD476M035RNJV/478-12122-1-ND/8605695"; VariantName = "[No Variations]"
Change component parameters (AddParameter): Name = "Impedance"; Value = "900mOhm"; VariantName = "[No Variations]"
Change component parameters (AddParameter): Name = "Manufacturer"; Value = "AVX"; VariantName = "[No Variations]"
Change component parameters (AddParameter): Name = "Package"; Value = "case D (7343)"; VariantName = "[No Variations]"
Change component parameters (AddParameter): Name = "PartNumber"; Value = "TAJD476M035RNJV"; VariantName = "[No Variations]"
Change component parameters (AddParameter): Name = "Temperature"; Value = "-55...+125°C"; VariantName = "[No Variations]"
Change component parameters (AddParameter): Name = "Tolerance"; Value = "±20%"; VariantName = "[No Variations]"
Change component parameters (AddParameter): Name = "TypeCapacitor"; Value = "Tantalum capacitor"; VariantName = "[No Variations]"
Change component parameters (AddParameter): Name = "TypeDielectric"; Value = "X7R"; VariantName = "[No Variations]"
Change component parameters (AddParameter): Name = "Value"; Value = "100?F"; VariantName = "[No Variations]"
Change component parameters (AddParameter): Name = "ValueManufacturerPartNumber"; Value = "Tantalum capacitor, 100?F, 16V, ±20%, 900mOhm, case D (7343), -55...+125°C"; VariantName = "[No Variations]"
Change component parameters (AddParameter): Name = "Voltage"; Value = "16V"; VariantName = "[No Variations]"
Change component parameters: Designator = "C31" ("C31"); Footprint = "CAP: D6.3C2.5H11"; UniqueID = "\RFEEIFWW" ("\RFEEIFWW")
Change component parameters (AddParameter): Name = "HelpURL"; Value = "https://www.digikey.com/product-detail/en/avx-corporation/TAJD476M035RNJV/478-12122-1-ND/8605695"; VariantName = "[No Variations]"
Change component parameters (AddParameter): Name = "Impedance"; Value = "900mOhm"; VariantName = "[No Variations]"
Change component parameters (AddParameter): Name = "Manufacturer"; Value = "AVX"; VariantName = "[No Variations]"
Change component parameters (AddParameter): Name = "Package"; Value = "case D (7343)"; VariantName = "[No Variations]"
Change component parameters (AddParameter): Name = "PartNumber"; Value = "TAJD476M035RNJV"; VariantName = "[No Variations]"
Change component parameters (AddParameter): Name = "Temperature"; Value = "-55...+125°C"; VariantName = "[No Variations]"
Change component parameters (AddParameter): Name = "Tolerance"; Value = "±20%"; VariantName = "[No Variations]"
Change component parameters (AddParameter): Name = "TypeCapacitor"; Value = "Tantalum capacitor"; VariantName = "[No Variations]"
Change component parameters (AddParameter): Name = "TypeDielectric"; Value = "X7R"; VariantName = "[No Variations]"
Change component parameters (AddParameter): Name = "Value"; Value = "100?F"; VariantName = "[No Variations]"
Change component parameters (AddParameter): Name = "ValueManufacturerPartNumber"; Value = "Tantalum capacitor, 100?F, 16V, ±20%, 900mOhm, case D (7343), -55...+125°C"; VariantName = "[No Variations]"
Change component parameters (AddParameter): Name = "Voltage"; Value = "16V"; VariantName = "[No Variations]"
Added Pin To Net: NetName=1/2VCC Pin=C29-1
Added Pin To Net: NetName=1/2VCC2 Pin=C31-1
