Add Component: Footprint Not Found DS8102
Add Component: Footprint Not Found DS8102
Add Pin To Net: Unknown Pin: Pin IN-1
Add Pin To Net: Unknown Pin: Pin IN-2
Add Pin To Net: Unknown Pin: Pin IN-3
Add Pin To Net: Unknown Pin: Pin IN-4
Add Pin To Net: Unknown Pin: Pin IN-5
Add Pin To Net: Unknown Pin: Pin IN-6
Add Pin To Net: Unknown Pin: Pin IN-7
Add Pin To Net: Unknown Pin: Pin IN-8
Add Pin To Net: Unknown Pin: Pin OUT-1
Add Pin To Net: Unknown Pin: Pin OUT-2
Add Pin To Net: Unknown Pin: Pin OUT-3
Add Pin To Net: Unknown Pin: Pin OUT-4
Add Pin To Net: Unknown Pin: Pin OUT-5
Add Pin To Net: Unknown Pin: Pin OUT-6
Add Pin To Net: Unknown Pin: Pin OUT-7
Add Pin To Net: Unknown Pin: Pin OUT-8
Add Pin To Net: Unknown Pin: Pin Y1-
Add Class Member: Failed to add class member : Component IN DS-8-102
Add Class Member: Failed to add class member : Component OUT DS-8-102
