Removed Pin From Net: NetName=UART RX Pin=IC1-1
Removed Member From Class: ClassName=DIFFAMP Member=C1
Removed Member From Class: ClassName=DIFFAMP Member=C2
Removed Member From Class: ClassName=MC Member=C3
Removed Member From Class: ClassName=DIFFAMP Member=C4
Removed Member From Class: ClassName=DIFFAMP Member=C5
Removed Member From Class: ClassName=MC Member=C5
Removed Member From Class: ClassName=MC Member=C7
Removed Member From Class: ClassName=MC Member=C9
Removed Member From Class: ClassName=MC Member=C10
Removed Member From Class: ClassName=MC Member=C15
Removed Member From Class: ClassName=MC Member=C18
Removed Member From Class: ClassName=DIFFAMP Member=C20
Removed Member From Class: ClassName=Relay and connector Member=C20
Removed Member From Class: ClassName=DIFFAMP Member=C22
Removed Member From Class: ClassName=Relay and connector Member=C39
Removed Member From Class: ClassName=MC Member=C41
Removed Member From Class: ClassName=Relay and connector Member=C41
Removed Member From Class: ClassName=Relay and connector Member=C42
Removed Member From Class: ClassName=MC Member=D1
Removed Member From Class: ClassName=DIFFAMP Member=IC4
Removed Member From Class: ClassName=Relay and connector Member=IC6
Removed Member From Class: ClassName=Relay and connector Member=IC7
Removed Member From Class: ClassName=DIFFAMP Member=R10
Removed Member From Class: ClassName=DIFFAMP Member=R11
Removed Member From Class: ClassName=DIFFAMP Member=R16
Removed Member From Class: ClassName=DIFFAMP Member=R17
Removed Member From Class: ClassName=DIFFAMP Member=R19
Removed Member From Class: ClassName=Relay and connector Member=R19
Removed Member From Class: ClassName=Relay and connector Member=R22
Removed Member From Class: ClassName=MC Member=R29
Removed Member From Class: ClassName=Relay and connector Member=R30
Removed Member From Class: ClassName=MC Member=R32
Removed Member From Class: ClassName=MC Member=R34
Removed Member From Class: ClassName=MC Member=R39
Removed Member From Class: ClassName=MC Member=R46
Removed Member From Class: ClassName=Relay and connector Member=R47
Added Component: Designator=R8(RES: 0805)
Add component (AddParameter): Name = "HelpURL"; Value = "https://www.digikey.com/product-detail/en/yageo/RC0805JR-07100RL/311-100ARCT-ND/731185"; VariantName = "[No Variations]"
Add component (AddParameter): Name = "Manufacturer"; Value = "Yageo"; VariantName = "[No Variations]"
Add component (AddParameter): Name = "Package"; Value = "0805"; VariantName = "[No Variations]"
Add component (AddParameter): Name = "PartNumber"; Value = "RC0805JR-07100RL"; VariantName = "[No Variations]"
Add component (AddParameter): Name = "Power"; Value = "0.125W"; VariantName = "[No Variations]"
Add component (AddParameter): Name = "Temperature"; Value = "-55...+125°C"; VariantName = "[No Variations]"
Add component (AddParameter): Name = "Tolerance"; Value = "±5%"; VariantName = "[No Variations]"
Add component (AddParameter): Name = "TypeResistor"; Value = "Resistor film"; VariantName = "[No Variations]"
Add component (AddParameter): Name = "Value"; Value = "1k"; VariantName = "[No Variations]"
Add component (AddParameter): Name = "ValueManufacturerPartNumber"; Value = "Resistor film, 1k, ±5%, 0805, 0.125W, -55...+125°C"; VariantName = "[No Variations]"
Added Pin To Net: NetName=UART RX Pin=R8-1
Added Pin To Net: NetName=NetIC1_1 Pin=IC1-1
Added Pin To Net: NetName=NetIC1_1 Pin=R8-2
Added Net: Name=NetIC1_1
Added Member To Class: ClassName=Relay and connector Member=Component C3 Ceramic capacitor, 1nF, X7R, ±10%, 16V, 0805, -55...+125°C
Added Member To Class: ClassName=Relay and connector Member=Component C8 Ceramic capacitor, 10pF, X7R, ±10%, 16V, 0805, -55...+125°C
Added Member To Class: ClassName=Relay and connector Member=Component C9 Ceramic capacitor, 10pF, X7R, ±10%, 16V, 0805, -55...+125°C
Added Member To Class: ClassName=Relay and connector Member=Component C11 Ceramic capacitor, 0.1?F, X7R, ±10%, , 0805, -55...+125°C
Added Member To Class: ClassName=Relay and connector Member=Component C12 Aluminium capacitor, 220?F, 25V, ±20%, 54mOhm, 14x10x5 mm, -55...+105°C
Added Member To Class: ClassName=Relay and connector Member=Component C13 Aluminium capacitor, 220?F, 25V, ±20%, 54mOhm, 14x10x5 mm, -55...+105°C
Added Member To Class: ClassName=Relay and connector Member=Component C14 Aluminium capacitor, 220?F, 25V, ±20%, 54mOhm, 14x10x5 mm, -55...+105°C
Added Member To Class: ClassName=Relay and connector Member=Component C17 Ceramic capacitor, 0.1?F, X7R, ±10%, , 0805, -55...+125°C
Added Member To Class: ClassName=Relay and connector Member=Component C19 Ceramic capacitor, 0.1?F, X7R, ±10%, , 0805, -55...+125°C
Added Member To Class: ClassName=MC Member=Component C21 Aluminium capacitor, 220?F, 25V, ±20%, 54mOhm, 14x10x5 mm, -55...+105°C
Added Member To Class: ClassName=MC Member=Component C22 Ceramic capacitor, 0.1?F, X7R, ±10%, , 0805, -55...+125°C
Added Member To Class: ClassName=MC Member=Component C23 Ceramic capacitor, 0.1?F, X7R, ±10%, , 0805, -55...+125°C
Added Member To Class: ClassName=MC Member=Component C24 Ceramic capacitor, 0.1?F, X7R, ±10%, , 0805, -55...+125°C
Added Member To Class: ClassName=MC Member=Component C25 Ceramic capacitor, 0.1?F, X7R, ±10%, , 0805, -55...+125°C
Added Member To Class: ClassName=MC Member=Component C26 Ceramic capacitor, 0.1?F, X7R, ±10%, , 0805, -55...+125°C
Added Member To Class: ClassName=MC Member=Component C27 Ceramic capacitor, 9pF, X7R, ±10%, , 0805, -55...+125°C
Added Member To Class: ClassName=MC Member=Component C28 Ceramic capacitor, 9pF, X7R, ±10%, , 0805, -55...+125°C
Added Member To Class: ClassName=DIFFAMP Member=Component C33 Ceramic capacitor, 0.1?F, X7R, ±10%, 16V, 0805, -55...+125°C
Added Member To Class: ClassName=DIFFAMP Member=Component C34 Ceramic capacitor, 0.1?F, X7R, ±10%, 16V, 0805, -55...+125°C
Added Member To Class: ClassName=DIFFAMP Member=Component C35 Ceramic capacitor, 0.1?F, X7R, ±10%, 16V, 0805, -55...+125°C
Added Member To Class: ClassName=DIFFAMP Member=Component C36 Ceramic capacitor, 0.1?F, X7R, ±10%, 16V, 0805, -55...+125°C
Added Member To Class: ClassName=DIFFAMP Member=Component C37 Ceramic capacitor, 0.1?F, X7R, ±10%, 16V, 0805, -55...+125°C
Added Member To Class: ClassName=DIFFAMP Member=Component C38 Ceramic capacitor, 0.1?F, X7R, ±10%, 16V, 0805, -55...+125°C
Added Member To Class: ClassName=DIFFAMP Member=Component C39 Ceramic capacitor, 1?F, X7R, ±10%, 16V, 0805, -55...+125°C
Added Member To Class: ClassName=DIFFAMP Member=Component C40 Ceramic capacitor, 1?F, X7R, ±10%, 16V, 0805, -55...+125°C
Added Member To Class: ClassName=MC Member=Component D3 SM4001PLHE3-TP
Added Member To Class: ClassName=Relay and connector Member=Component IC1 MAX485ECSA+
Added Member To Class: ClassName=Relay and connector Member=Component IC2 L7809CV
Added Member To Class: ClassName=DIFFAMP Member=Component IC6 LM1877N-9_NOPB
Added Member To Class: ClassName=Relay and connector Member=Component R1 Resistor film, 10, ±5%, 0805, 0.125W, -55...+125°C
Added Member To Class: ClassName=Relay and connector Member=Component R2 Resistor film, 10, ±5%, 0805, 0.125W, -55...+125°C
Added Member To Class: ClassName=Relay and connector Member=Component R3 Resistor film, 10, ±5%, 0805, 0.125W, -55...+125°C
Added Member To Class: ClassName=Relay and connector Member=Component R4 Resistor film, 10, ±5%, 0805, 0.125W, -55...+125°C
Added Member To Class: ClassName=MC Member=Component R6 Resistor film, 1k, ±5%, 0805, 0.125W, -55...+125°C
Added Member To Class: ClassName=MC Member=Component R7 Resistor film, 10k, ±5%, 0805, 0.125W, -55...+125°C
Added Member To Class: ClassName=Relay and connector Member=Component R8 Resistor film, 1k, ±5%, 0805, 0.125W, -55...+125°C
Added Member To Class: ClassName=MC Member=Component R12 Resistor film, 10k, ±5%, 0805, 0.125W, -55...+125°C
Added Member To Class: ClassName=MC Member=Component R13 Resistor film, 10k, ±5%, 0805, 0.125W, -55...+125°C
Added Member To Class: ClassName=MC Member=Component R14 Resistor film, 1M, ±5%, 0805, 0.125W, -55...+125°C
Added Member To Class: ClassName=MC Member=Component R15 Resistor film, 1k, ±5%, 0805, 0.125W, -55...+125°C
Added Member To Class: ClassName=MC Member=Component R16 Resistor film, 1k, ±5%, 0805, 0.125W, -55...+125°C
Added Member To Class: ClassName=MC Member=Component R18 Resistor film, 10k, ±5%, 0805, 0.125W, -55...+125°C
Added Member To Class: ClassName=DIFFAMP Member=Component R20 Resistor film, 0, ±5%, 0805, 0.125W, -55...+125°C
Added Member To Class: ClassName=DIFFAMP Member=Component R23 Resistor film, 0, ±5%, 0805, 0.125W, -55...+125°C
Added Member To Class: ClassName=DIFFAMP Member=Component R24 Resistor film, 100, ±5%, 0805, 0.125W, -55...+125°C
Added Member To Class: ClassName=DIFFAMP Member=Component R25 Resistor film, 100, ±5%, 0805, 0.125W, -55...+125°C
Added Member To Class: ClassName=DIFFAMP Member=Component R26 Resistor film, 100, ±5%, 0805, 0.125W, -55...+125°C
Added Member To Class: ClassName=DIFFAMP Member=Component R28 Resistor film, 10k, ±5%, 0805, 0.125W, -55...+125°C
Added Member To Class: ClassName=DIFFAMP Member=Component R30 Resistor film, 10k, ±5%, 0805, 0.125W, -55...+125°C
Added Member To Class: ClassName=DIFFAMP Member=Component R31 Resistor film, 10k, ±5%, 0805, 0.125W, -55...+125°C
Added Member To Class: ClassName=DIFFAMP Member=Component R35 Resistor film, 100k, ±5%, 0805, 0.125W, -55...+125°C
Added Member To Class: ClassName=DIFFAMP Member=Component R36 Resistor film, 1k, ±5%, 0805, 0.125W, -55...+125°C
Added Member To Class: ClassName=DIFFAMP Member=Component R37 Resistor film, 1k, ±5%, 0805, 0.125W, -55...+125°C
Added Member To Class: ClassName=DIFFAMP Member=Component R40 Resistor film, 1k, ±5%, 0805, 0.125W, -55...+125°C
Added Member To Class: ClassName=DIFFAMP Member=Component R42 Resistor film, 1k, ±5%, 0805, 0.125W, -55...+125°C
Added Member To Class: ClassName=DIFFAMP Member=Component R43 Resistor film, 1k, ±5%, 0805, 0.125W, -55...+125°C
Added Member To Class: ClassName=DIFFAMP Member=Component R44 Resistor film, 10k, ±5%, 0805, 0.125W, -55...+125°C
