Added Component: Designator=IN(DS-8-102)
Added Component: Designator=OUT(DS-8-102)
Added Pin To Net: NetName=GND Pin=IN-1
Added Pin To Net: NetName=Line in left (+) Pin=IN-2
Added Pin To Net: NetName=Line in right (+) Pin=IN-3
Added Pin To Net: NetName=Line in left (-) Pin=IN-4
Added Pin To Net: NetName=Line in right (-) Pin=IN-5
Added Pin To Net: NetName=BUS + Pin=IN-6
Added Pin To Net: NetName=BUS - Pin=IN-7
Added Pin To Net: NetName=GND Pin=IN-8
Added Pin To Net: NetName=GND Pin=OUT-1
Added Pin To Net: NetName=Line out left (+) Pin=OUT-2
Added Pin To Net: NetName=Line out right (+) Pin=OUT-3
Added Pin To Net: NetName=Line out left (-) Pin=OUT-4
Added Pin To Net: NetName=Line out right (-) Pin=OUT-5
Added Pin To Net: NetName=BUS + Pin=OUT-6
Added Pin To Net: NetName=BUS - Pin=OUT-7
Added Pin To Net: NetName=GND Pin=OUT-8
Added Member To Class: ClassName=Relay and connector Member=Component IN DS-8-102
Added Member To Class: ClassName=Relay and connector Member=Component OUT DS-8-102
