Removed Pin From Net: NetName=A Pin=IN-2
Removed Pin From Net: NetName=A Pin=OUT-2
Added Component: Designator=R5(RES: 0805)
Add component (AddParameter): Name = "HelpURL"; Value = "https://www.digikey.com/product-detail/en/yageo/RC0805JR-07100RL/311-100ARCT-ND/731185"; VariantName = "[No Variations]"
Add component (AddParameter): Name = "Manufacturer"; Value = "Yageo"; VariantName = "[No Variations]"
Add component (AddParameter): Name = "Package"; Value = "0805"; VariantName = "[No Variations]"
Add component (AddParameter): Name = "PartNumber"; Value = "RC0805JR-07100RL"; VariantName = "[No Variations]"
Add component (AddParameter): Name = "Power"; Value = "0.125W"; VariantName = "[No Variations]"
Add component (AddParameter): Name = "Temperature"; Value = "-55...+125°C"; VariantName = "[No Variations]"
Add component (AddParameter): Name = "Tolerance"; Value = "±5%"; VariantName = "[No Variations]"
Add component (AddParameter): Name = "TypeResistor"; Value = "Resistor film"; VariantName = "[No Variations]"
Add component (AddParameter): Name = "Value"; Value = "0"; VariantName = "[No Variations]"
Add component (AddParameter): Name = "ValueManufacturerPartNumber"; Value = "Resistor film, 0, ±5%, 0805, 0.125W, -55...+125°C"; VariantName = "[No Variations]"
Added Pin To Net: NetName=A Pin=R5-2
Change Net Name : Old Net Name=A New Net Name=GND
Added Pin To Net: NetName=A Pin=IN-2
Added Pin To Net: NetName=A Pin=OUT-2
Added Pin To Net: NetName=A Pin=R5-1
Added Net: Name=A
Added Member To Class: ClassName=DIFFAMP Member=Component R5 Resistor film, 0, ±5%, 0805, 0.125W, -55...+125°C
