Removed Pin From Net: NetName=MOSI Pin=ICSP-4
Removed Pin From Net: NetName=GND Pin=U1-1
Removed Pin From Net: NetName=GND Pin=U1-3
Removed Pin From Net: NetName=GND Pin=U1-16
Removed Pin From Net: NetName=GND Pin=U1-25
Removed Pin From Net: NetName=Line left N Pin=U1-32
Removed Pin From Net: NetName=Line left P Pin=U1-33
Removed Pin From Net: NetName=Line right P Pin=U1-34
Removed Pin From Net: NetName=Line right N Pin=U1-35
Removed Pin From Net: NetName=+3.3 Pin=U1-37
Removed Pin From Net: NetName=GND Pin=U1-40
Removed Pin From Net: NetName=Line left (-) Pin=X?-1
Removed Pin From Net: NetName=Line left N Pin=X?-2
Removed Pin From Net: NetName=Line left P Pin=X?-3
Removed Pin From Net: NetName=Line left (+) Pin=X?-4
Removed Pin From Net: NetName=+9 Pin=X?-5
Removed Pin From Net: NetName=A Pin=X?-6
Removed Pin From Net: NetName=Line right (-) Pin=X?-7
Removed Pin From Net: NetName=Line right N Pin=X?-8
Removed Pin From Net: NetName=Line right P Pin=X?-9
Removed Pin From Net: NetName=Line right (+) Pin=X?-10
Removed Pin From Net: NetName=NetC27_1 Pin=Y1-2
Removed Member From Class: ClassName=MC Member=R10
Removed Member From Class: ClassName=MC Member=R11
Removed Member From Class: ClassName=MC Member=U1
Removed Member From Class: ClassName=Relay and connector Member=X?
Added Component: Designator=C?(CAP: D6.3C2.5H11)
Add component (AddParameter): Name = "HelpURL"; Value = "https://www.digikey.com/product-detail/en/wurth-electronics-inc/860080475013/732-9029-1-ND/5728972"; VariantName = "[No Variations]"
Add component (AddParameter): Name = "Impedance"; Value = "54mOhm"; VariantName = "[No Variations]"
Add component (AddParameter): Name = "Manufacturer"; Value = "Wurth"; VariantName = "[No Variations]"
Add component (AddParameter): Name = "Package"; Value = "14x10x5 mm"; VariantName = "[No Variations]"
Add component (AddParameter): Name = "PartNumber"; Value = "860080475013"; VariantName = "[No Variations]"
Add component (AddParameter): Name = "Temperature"; Value = "-55...+105°C"; VariantName = "[No Variations]"
Add component (AddParameter): Name = "Tolerance"; Value = "±20%"; VariantName = "[No Variations]"
Add component (AddParameter): Name = "TypeCapacitor"; Value = "Aluminium capacitor"; VariantName = "[No Variations]"
Add component (AddParameter): Name = "Value"; Value = "10?F"; VariantName = "[No Variations]"
Add component (AddParameter): Name = "ValueManufacturerPartNumber"; Value = "Aluminium capacitor, 10?F, 25V, ±20%, 54mOhm, 14x10x5 mm, -55...+105°C"; VariantName = "[No Variations]"
Add component (AddParameter): Name = "Voltage"; Value = "25V"; VariantName = "[No Variations]"
Added Component: Designator=C?(CAP: 0805)
Add component (AddParameter): Name = "HelpURL"; Value = "https://www.digikey.com/product-detail/en/yageo/CC0805KRX7R7BB104/311-1142-1-ND/303052"; VariantName = "[No Variations]"
Add component (AddParameter): Name = "Manufacturer"; Value = "Yageo"; VariantName = "[No Variations]"
Add component (AddParameter): Name = "Package"; Value = "0805"; VariantName = "[No Variations]"
Add component (AddParameter): Name = "PartNumber"; Value = "CC0805KRX7R7BB104"; VariantName = "[No Variations]"
Add component (AddParameter): Name = "Temperature"; Value = "-55...+125°C"; VariantName = "[No Variations]"
Add component (AddParameter): Name = "Tolerance"; Value = "±10%"; VariantName = "[No Variations]"
Add component (AddParameter): Name = "TypeCapacitor"; Value = "Ceramic capacitor"; VariantName = "[No Variations]"
Add component (AddParameter): Name = "TypeDielectric"; Value = "X7R"; VariantName = "[No Variations]"
Add component (AddParameter): Name = "Value"; Value = "0.1?F"; VariantName = "[No Variations]"
Add component (AddParameter): Name = "ValueManufacturerPartNumber"; Value = "Ceramic capacitor, 0.1?F, X7R, ±10%, 16V, 0805, -55...+125°C"; VariantName = "[No Variations]"
Add component (AddParameter): Name = "Voltage"; Value = "16V"; VariantName = "[No Variations]"
Added Component: Designator=C?(CAP: D6.3C2.5H11)
Add component (AddParameter): Name = "HelpURL"; Value = "https://www.digikey.com/product-detail/en/wurth-electronics-inc/860080475013/732-9029-1-ND/5728972"; VariantName = "[No Variations]"
Add component (AddParameter): Name = "Impedance"; Value = "54mOhm"; VariantName = "[No Variations]"
Add component (AddParameter): Name = "Manufacturer"; Value = "Wurth"; VariantName = "[No Variations]"
Add component (AddParameter): Name = "Package"; Value = "14x10x5 mm"; VariantName = "[No Variations]"
Add component (AddParameter): Name = "PartNumber"; Value = "860080475013"; VariantName = "[No Variations]"
Add component (AddParameter): Name = "Temperature"; Value = "-55...+105°C"; VariantName = "[No Variations]"
Add component (AddParameter): Name = "Tolerance"; Value = "±20%"; VariantName = "[No Variations]"
Add component (AddParameter): Name = "TypeCapacitor"; Value = "Aluminium capacitor"; VariantName = "[No Variations]"
Add component (AddParameter): Name = "Value"; Value = "10?F"; VariantName = "[No Variations]"
Add component (AddParameter): Name = "ValueManufacturerPartNumber"; Value = "Aluminium capacitor, 10?F, 25V, ±20%, 54mOhm, 14x10x5 mm, -55...+105°C"; VariantName = "[No Variations]"
Add component (AddParameter): Name = "Voltage"; Value = "25V"; VariantName = "[No Variations]"
Added Component: Designator=C?(CAP: 0805)
Add component (AddParameter): Name = "HelpURL"; Value = "https://www.digikey.com/product-detail/en/yageo/CC0805KRX7R7BB104/311-1142-1-ND/303052"; VariantName = "[No Variations]"
Add component (AddParameter): Name = "Manufacturer"; Value = "Yageo"; VariantName = "[No Variations]"
Add component (AddParameter): Name = "Package"; Value = "0805"; VariantName = "[No Variations]"
Add component (AddParameter): Name = "PartNumber"; Value = "CC0805KRX7R7BB104"; VariantName = "[No Variations]"
Add component (AddParameter): Name = "Temperature"; Value = "-55...+125°C"; VariantName = "[No Variations]"
Add component (AddParameter): Name = "Tolerance"; Value = "±10%"; VariantName = "[No Variations]"
Add component (AddParameter): Name = "TypeCapacitor"; Value = "Ceramic capacitor"; VariantName = "[No Variations]"
Add component (AddParameter): Name = "TypeDielectric"; Value = "X7R"; VariantName = "[No Variations]"
Add component (AddParameter): Name = "Value"; Value = "0.1?F"; VariantName = "[No Variations]"
Add component (AddParameter): Name = "ValueManufacturerPartNumber"; Value = "Ceramic capacitor, 0.1?F, X7R, ±10%, 16V, 0805, -55...+125°C"; VariantName = "[No Variations]"
Add component (AddParameter): Name = "Voltage"; Value = "16V"; VariantName = "[No Variations]"
Added Component: Designator=C?(CAP: 0805)
Add component (AddParameter): Name = "HelpURL"; Value = "https://www.digikey.com/product-detail/en/yageo/CC0805KRX7R7BB104/311-1142-1-ND/303052"; VariantName = "[No Variations]"
Add component (AddParameter): Name = "Manufacturer"; Value = "Yageo"; VariantName = "[No Variations]"
Add component (AddParameter): Name = "Package"; Value = "0805"; VariantName = "[No Variations]"
Add component (AddParameter): Name = "PartNumber"; Value = "CC0805KRX7R7BB104"; VariantName = "[No Variations]"
Add component (AddParameter): Name = "Temperature"; Value = "-55...+125°C"; VariantName = "[No Variations]"
Add component (AddParameter): Name = "Tolerance"; Value = "±10%"; VariantName = "[No Variations]"
Add component (AddParameter): Name = "TypeCapacitor"; Value = "Ceramic capacitor"; VariantName = "[No Variations]"
Add component (AddParameter): Name = "TypeDielectric"; Value = "X7R"; VariantName = "[No Variations]"
Add component (AddParameter): Name = "Value"; Value = "0.1?F"; VariantName = "[No Variations]"
Add component (AddParameter): Name = "ValueManufacturerPartNumber"; Value = "Ceramic capacitor, 0.1?F, X7R, ±10%, 16V, 0805, -55...+125°C"; VariantName = "[No Variations]"
Add component (AddParameter): Name = "Voltage"; Value = "16V"; VariantName = "[No Variations]"
Added Component: Designator=C?(CAP: D6.3C2.5H11)
Add component (AddParameter): Name = "HelpURL"; Value = "https://www.digikey.com/product-detail/en/wurth-electronics-inc/860080475013/732-9029-1-ND/5728972"; VariantName = "[No Variations]"
Add component (AddParameter): Name = "Impedance"; Value = "54mOhm"; VariantName = "[No Variations]"
Add component (AddParameter): Name = "Manufacturer"; Value = "Wurth"; VariantName = "[No Variations]"
Add component (AddParameter): Name = "Package"; Value = "14x10x5 mm"; VariantName = "[No Variations]"
Add component (AddParameter): Name = "PartNumber"; Value = "860080475013"; VariantName = "[No Variations]"
Add component (AddParameter): Name = "Temperature"; Value = "-55...+105°C"; VariantName = "[No Variations]"
Add component (AddParameter): Name = "Tolerance"; Value = "±20%"; VariantName = "[No Variations]"
Add component (AddParameter): Name = "TypeCapacitor"; Value = "Aluminium capacitor"; VariantName = "[No Variations]"
Add component (AddParameter): Name = "Value"; Value = "100?F"; VariantName = "[No Variations]"
Add component (AddParameter): Name = "ValueManufacturerPartNumber"; Value = "Aluminium capacitor, 100?F, 25V, ±20%, 54mOhm, 14x10x5 mm, -55...+105°C"; VariantName = "[No Variations]"
Add component (AddParameter): Name = "Voltage"; Value = "25V"; VariantName = "[No Variations]"
Added Component: Designator=C?(CAP: D6.3C2.5H11)
Add component (AddParameter): Name = "HelpURL"; Value = "https://www.digikey.com/product-detail/en/wurth-electronics-inc/860080475013/732-9029-1-ND/5728972"; VariantName = "[No Variations]"
Add component (AddParameter): Name = "Impedance"; Value = "54mOhm"; VariantName = "[No Variations]"
Add component (AddParameter): Name = "Manufacturer"; Value = "Wurth"; VariantName = "[No Variations]"
Add component (AddParameter): Name = "Package"; Value = "14x10x5 mm"; VariantName = "[No Variations]"
Add component (AddParameter): Name = "PartNumber"; Value = "860080475013"; VariantName = "[No Variations]"
Add component (AddParameter): Name = "Temperature"; Value = "-55...+105°C"; VariantName = "[No Variations]"
Add component (AddParameter): Name = "Tolerance"; Value = "±20%"; VariantName = "[No Variations]"
Add component (AddParameter): Name = "TypeCapacitor"; Value = "Aluminium capacitor"; VariantName = "[No Variations]"
Add component (AddParameter): Name = "Value"; Value = "100?F"; VariantName = "[No Variations]"
Add component (AddParameter): Name = "ValueManufacturerPartNumber"; Value = "Aluminium capacitor, 100?F, 25V, ±20%, 54mOhm, 14x10x5 mm, -55...+105°C"; VariantName = "[No Variations]"
Add component (AddParameter): Name = "Voltage"; Value = "25V"; VariantName = "[No Variations]"
Added Component: Designator=C?(CAP: 0805)
Add component (AddParameter): Name = "HelpURL"; Value = "https://www.digikey.com/product-detail/en/yageo/CC0805KRX7R7BB104/311-1142-1-ND/303052"; VariantName = "[No Variations]"
Add component (AddParameter): Name = "Manufacturer"; Value = "Yageo"; VariantName = "[No Variations]"
Add component (AddParameter): Name = "Package"; Value = "0805"; VariantName = "[No Variations]"
Add component (AddParameter): Name = "PartNumber"; Value = "CC0805KRX7R7BB104"; VariantName = "[No Variations]"
Add component (AddParameter): Name = "Temperature"; Value = "-55...+125°C"; VariantName = "[No Variations]"
Add component (AddParameter): Name = "Tolerance"; Value = "±10%"; VariantName = "[No Variations]"
Add component (AddParameter): Name = "TypeCapacitor"; Value = "Ceramic capacitor"; VariantName = "[No Variations]"
Add component (AddParameter): Name = "TypeDielectric"; Value = "X7R"; VariantName = "[No Variations]"
Add component (AddParameter): Name = "Value"; Value = "0.1?F"; VariantName = "[No Variations]"
Add component (AddParameter): Name = "ValueManufacturerPartNumber"; Value = "Ceramic capacitor, 0.1?F, X7R, ±10%, 16V, 0805, -55...+125°C"; VariantName = "[No Variations]"
Add component (AddParameter): Name = "Voltage"; Value = "16V"; VariantName = "[No Variations]"
Added Component: Designator=C?(CAP: 0805)
Add component (AddParameter): Name = "HelpURL"; Value = "https://www.digikey.com/product-detail/en/yageo/CC0805KRX7R7BB104/311-1142-1-ND/303052"; VariantName = "[No Variations]"
Add component (AddParameter): Name = "Manufacturer"; Value = "Yageo"; VariantName = "[No Variations]"
Add component (AddParameter): Name = "Package"; Value = "0805"; VariantName = "[No Variations]"
Add component (AddParameter): Name = "PartNumber"; Value = "CC0805KRX7R7BB104"; VariantName = "[No Variations]"
Add component (AddParameter): Name = "Temperature"; Value = "-55...+125°C"; VariantName = "[No Variations]"
Add component (AddParameter): Name = "Tolerance"; Value = "±10%"; VariantName = "[No Variations]"
Add component (AddParameter): Name = "TypeCapacitor"; Value = "Ceramic capacitor"; VariantName = "[No Variations]"
Add component (AddParameter): Name = "TypeDielectric"; Value = "X7R"; VariantName = "[No Variations]"
Add component (AddParameter): Name = "Value"; Value = "0.1?F"; VariantName = "[No Variations]"
Add component (AddParameter): Name = "ValueManufacturerPartNumber"; Value = "Ceramic capacitor, 0.1?F, X7R, ±10%, 16V, 0805, -55...+125°C"; VariantName = "[No Variations]"
Add component (AddParameter): Name = "Voltage"; Value = "16V"; VariantName = "[No Variations]"
Added Component: Designator=C?(CAP: D6.3C2.5H11)
Add component (AddParameter): Name = "HelpURL"; Value = "https://www.digikey.com/product-detail/en/wurth-electronics-inc/860080475013/732-9029-1-ND/5728972"; VariantName = "[No Variations]"
Add component (AddParameter): Name = "Impedance"; Value = "54mOhm"; VariantName = "[No Variations]"
Add component (AddParameter): Name = "Manufacturer"; Value = "Wurth"; VariantName = "[No Variations]"
Add component (AddParameter): Name = "Package"; Value = "14x10x5 mm"; VariantName = "[No Variations]"
Add component (AddParameter): Name = "PartNumber"; Value = "860080475013"; VariantName = "[No Variations]"
Add component (AddParameter): Name = "Temperature"; Value = "-55...+105°C"; VariantName = "[No Variations]"
Add component (AddParameter): Name = "Tolerance"; Value = "±20%"; VariantName = "[No Variations]"
Add component (AddParameter): Name = "TypeCapacitor"; Value = "Aluminium capacitor"; VariantName = "[No Variations]"
Add component (AddParameter): Name = "Value"; Value = "10?F"; VariantName = "[No Variations]"
Add component (AddParameter): Name = "ValueManufacturerPartNumber"; Value = "Aluminium capacitor, 10?F, 25V, ±20%, 54mOhm, 14x10x5 mm, -55...+105°C"; VariantName = "[No Variations]"
Add component (AddParameter): Name = "Voltage"; Value = "25V"; VariantName = "[No Variations]"
Added Component: Designator=C?(CAP: D6.3C2.5H11)
Add component (AddParameter): Name = "HelpURL"; Value = "https://www.digikey.com/product-detail/en/wurth-electronics-inc/860080475013/732-9029-1-ND/5728972"; VariantName = "[No Variations]"
Add component (AddParameter): Name = "Impedance"; Value = "54mOhm"; VariantName = "[No Variations]"
Add component (AddParameter): Name = "Manufacturer"; Value = "Wurth"; VariantName = "[No Variations]"
Add component (AddParameter): Name = "Package"; Value = "14x10x5 mm"; VariantName = "[No Variations]"
Add component (AddParameter): Name = "PartNumber"; Value = "860080475013"; VariantName = "[No Variations]"
Add component (AddParameter): Name = "Temperature"; Value = "-55...+105°C"; VariantName = "[No Variations]"
Add component (AddParameter): Name = "Tolerance"; Value = "±20%"; VariantName = "[No Variations]"
Add component (AddParameter): Name = "TypeCapacitor"; Value = "Aluminium capacitor"; VariantName = "[No Variations]"
Add component (AddParameter): Name = "Value"; Value = "100?F"; VariantName = "[No Variations]"
Add component (AddParameter): Name = "ValueManufacturerPartNumber"; Value = "Aluminium capacitor, 100?F, 25V, ±20%, 54mOhm, 14x10x5 mm, -55...+105°C"; VariantName = "[No Variations]"
Add component (AddParameter): Name = "Voltage"; Value = "25V"; VariantName = "[No Variations]"
Added Component: Designator=C?(CAP: 0805)
Add component (AddParameter): Name = "HelpURL"; Value = "https://www.digikey.com/product-detail/en/yageo/CC0805KRX7R7BB104/311-1142-1-ND/303052"; VariantName = "[No Variations]"
Add component (AddParameter): Name = "Manufacturer"; Value = "Yageo"; VariantName = "[No Variations]"
Add component (AddParameter): Name = "Package"; Value = "0805"; VariantName = "[No Variations]"
Add component (AddParameter): Name = "PartNumber"; Value = "CC0805KRX7R7BB104"; VariantName = "[No Variations]"
Add component (AddParameter): Name = "Temperature"; Value = "-55...+125°C"; VariantName = "[No Variations]"
Add component (AddParameter): Name = "Tolerance"; Value = "±10%"; VariantName = "[No Variations]"
Add component (AddParameter): Name = "TypeCapacitor"; Value = "Ceramic capacitor"; VariantName = "[No Variations]"
Add component (AddParameter): Name = "TypeDielectric"; Value = "X7R"; VariantName = "[No Variations]"
Add component (AddParameter): Name = "Value"; Value = "0.1?F"; VariantName = "[No Variations]"
Add component (AddParameter): Name = "ValueManufacturerPartNumber"; Value = "Ceramic capacitor, 0.1?F, X7R, ±10%, 16V, 0805, -55...+125°C"; VariantName = "[No Variations]"
Add component (AddParameter): Name = "Voltage"; Value = "16V"; VariantName = "[No Variations]"
Added Component: Designator=C?(CAP: D6.3C2.5H11)
Add component (AddParameter): Name = "HelpURL"; Value = "https://www.digikey.com/product-detail/en/wurth-electronics-inc/860080475013/732-9029-1-ND/5728972"; VariantName = "[No Variations]"
Add component (AddParameter): Name = "Impedance"; Value = "54mOhm"; VariantName = "[No Variations]"
Add component (AddParameter): Name = "Manufacturer"; Value = "Wurth"; VariantName = "[No Variations]"
Add component (AddParameter): Name = "Package"; Value = "14x10x5 mm"; VariantName = "[No Variations]"
Add component (AddParameter): Name = "PartNumber"; Value = "860080475013"; VariantName = "[No Variations]"
Add component (AddParameter): Name = "Temperature"; Value = "-55...+105°C"; VariantName = "[No Variations]"
Add component (AddParameter): Name = "Tolerance"; Value = "±20%"; VariantName = "[No Variations]"
Add component (AddParameter): Name = "TypeCapacitor"; Value = "Aluminium capacitor"; VariantName = "[No Variations]"
Add component (AddParameter): Name = "Value"; Value = "10?F"; VariantName = "[No Variations]"
Add component (AddParameter): Name = "ValueManufacturerPartNumber"; Value = "Aluminium capacitor, 10?F, 25V, ±20%, 54mOhm, 14x10x5 mm, -55...+105°C"; VariantName = "[No Variations]"
Add component (AddParameter): Name = "Voltage"; Value = "25V"; VariantName = "[No Variations]"
Added Component: Designator=C?(CAP: D6.3C2.5H11)
Add component (AddParameter): Name = "HelpURL"; Value = "https://www.digikey.com/product-detail/en/wurth-electronics-inc/860080475013/732-9029-1-ND/5728972"; VariantName = "[No Variations]"
Add component (AddParameter): Name = "Impedance"; Value = "54mOhm"; VariantName = "[No Variations]"
Add component (AddParameter): Name = "Manufacturer"; Value = "Wurth"; VariantName = "[No Variations]"
Add component (AddParameter): Name = "Package"; Value = "14x10x5 mm"; VariantName = "[No Variations]"
Add component (AddParameter): Name = "PartNumber"; Value = "860080475013"; VariantName = "[No Variations]"
Add component (AddParameter): Name = "Temperature"; Value = "-55...+105°C"; VariantName = "[No Variations]"
Add component (AddParameter): Name = "Tolerance"; Value = "±20%"; VariantName = "[No Variations]"
Add component (AddParameter): Name = "TypeCapacitor"; Value = "Aluminium capacitor"; VariantName = "[No Variations]"
Add component (AddParameter): Name = "Value"; Value = "100?F"; VariantName = "[No Variations]"
Add component (AddParameter): Name = "ValueManufacturerPartNumber"; Value = "Aluminium capacitor, 100?F, 25V, ±20%, 54mOhm, 14x10x5 mm, -55...+105°C"; VariantName = "[No Variations]"
Add component (AddParameter): Name = "Voltage"; Value = "25V"; VariantName = "[No Variations]"
Added Component: Designator=CP?(CON: PLS-6)
Add component (AddParameter): Name = "CommentText"; Value = ""QCCSPI""; VariantName = "[No Variations]"
Add component (AddParameter): Name = "CurrentMax"; Value = "3A"; VariantName = "[No Variations]"
Add component (AddParameter): Name = "HelpURL"; Value = "https://www.chipdip.ru/product/pls-6"; VariantName = "[No Variations]"
Add component (AddParameter): Name = "Manufacturer"; Value = "Connfly"; VariantName = "[No Variations]"
Add component (AddParameter): Name = "Multichannel"; Value = "6pin"; VariantName = "[No Variations]"
Add component (AddParameter): Name = "PartNumber"; Value = "PLS-6"; VariantName = "[No Variations]"
Add component (AddParameter): Name = "Pitch"; Value = "2.54mm"; VariantName = "[No Variations]"
Add component (AddParameter): Name = "TypeConnector"; Value = "Connector"; VariantName = "[No Variations]"
Add component (AddParameter): Name = "ValueManufacturerPartNumber"; Value = "Connector, 6pin, 2.54mm, 500VAC, 3A"; VariantName = "[No Variations]"
Add component (AddParameter): Name = "VoltageMax"; Value = "500VAC"; VariantName = "[No Variations]"
Added Component: Designator=IC?(DIP787W58P254L1918H508Q14N)
Add component (AddParameter): Name = "Arrow Part Number"; Value = ""; VariantName = "[No Variations]"
Add component (AddParameter): Name = "Arrow Price/Stock"; Value = ""; VariantName = "[No Variations]"
Add component (AddParameter): Name = "Datasheet Link"; Value = "http://www.datasheetlib.com/datasheet/52991/lm1877n-9-nopb_national-semiconductor/download.html"; VariantName = "[No Variations]"
Add component (AddParameter): Name = "Height"; Value = "5.08mm"; VariantName = "[No Variations]"
Add component (AddParameter): Name = "Manufacturer_Name"; Value = "Texas Instruments"; VariantName = "[No Variations]"
Add component (AddParameter): Name = "Manufacturer_Part_Number"; Value = "LM1877N-9/NOPB"; VariantName = "[No Variations]"
Add component (AddParameter): Name = "Mouser Part Number"; Value = "N/A"; VariantName = "[No Variations]"
Add component (AddParameter): Name = "Mouser Price/Stock"; Value = "https://www.mouser.com/Search/Refine.aspx?Keyword=N%2FA"; VariantName = "[No Variations]"
Added Component: Designator=IC?(DIP787W58P254L1918H508Q14N)
Add component (AddParameter): Name = "Arrow Part Number"; Value = ""; VariantName = "[No Variations]"
Add component (AddParameter): Name = "Arrow Price/Stock"; Value = ""; VariantName = "[No Variations]"
Add component (AddParameter): Name = "Datasheet Link"; Value = "http://www.datasheetlib.com/datasheet/52991/lm1877n-9-nopb_national-semiconductor/download.html"; VariantName = "[No Variations]"
Add component (AddParameter): Name = "Height"; Value = "5.08mm"; VariantName = "[No Variations]"
Add component (AddParameter): Name = "Manufacturer_Name"; Value = "Texas Instruments"; VariantName = "[No Variations]"
Add component (AddParameter): Name = "Manufacturer_Part_Number"; Value = "LM1877N-9/NOPB"; VariantName = "[No Variations]"
Add component (AddParameter): Name = "Mouser Part Number"; Value = "N/A"; VariantName = "[No Variations]"
Add component (AddParameter): Name = "Mouser Price/Stock"; Value = "https://www.mouser.com/Search/Refine.aspx?Keyword=N%2FA"; VariantName = "[No Variations]"
Added Component: Designator=R?(RES: 0805)
Add component (AddParameter): Name = "HelpURL"; Value = "https://www.digikey.com/product-detail/en/yageo/RC0805JR-07100RL/311-100ARCT-ND/731185"; VariantName = "[No Variations]"
Add component (AddParameter): Name = "Manufacturer"; Value = "Yageo"; VariantName = "[No Variations]"
Add component (AddParameter): Name = "Package"; Value = "0805"; VariantName = "[No Variations]"
Add component (AddParameter): Name = "PartNumber"; Value = "RC0805JR-07100RL"; VariantName = "[No Variations]"
Add component (AddParameter): Name = "Power"; Value = "0.125W"; VariantName = "[No Variations]"
Add component (AddParameter): Name = "Temperature"; Value = "-55...+125°C"; VariantName = "[No Variations]"
Add component (AddParameter): Name = "Tolerance"; Value = "±5%"; VariantName = "[No Variations]"
Add component (AddParameter): Name = "TypeResistor"; Value = "Resistor film"; VariantName = "[No Variations]"
Add component (AddParameter): Name = "Value"; Value = "10k"; VariantName = "[No Variations]"
Add component (AddParameter): Name = "ValueManufacturerPartNumber"; Value = "Resistor film, 10k, ±5%, 0805, 0.125W, -55...+125°C"; VariantName = "[No Variations]"
Added Component: Designator=R?(RES: 0805)
Add component (AddParameter): Name = "HelpURL"; Value = "https://www.digikey.com/product-detail/en/yageo/RC0805JR-07100RL/311-100ARCT-ND/731185"; VariantName = "[No Variations]"
Add component (AddParameter): Name = "Manufacturer"; Value = "Yageo"; VariantName = "[No Variations]"
Add component (AddParameter): Name = "Package"; Value = "0805"; VariantName = "[No Variations]"
Add component (AddParameter): Name = "PartNumber"; Value = "RC0805JR-07100RL"; VariantName = "[No Variations]"
Add component (AddParameter): Name = "Power"; Value = "0.125W"; VariantName = "[No Variations]"
Add component (AddParameter): Name = "Temperature"; Value = "-55...+125°C"; VariantName = "[No Variations]"
Add component (AddParameter): Name = "Tolerance"; Value = "±5%"; VariantName = "[No Variations]"
Add component (AddParameter): Name = "TypeResistor"; Value = "Resistor film"; VariantName = "[No Variations]"
Add component (AddParameter): Name = "Value"; Value = "10k"; VariantName = "[No Variations]"
Add component (AddParameter): Name = "ValueManufacturerPartNumber"; Value = "Resistor film, 10k, ±5%, 0805, 0.125W, -55...+125°C"; VariantName = "[No Variations]"
Added Component: Designator=R?(RES: 0805)
Add component (AddParameter): Name = "HelpURL"; Value = "https://www.digikey.com/product-detail/en/yageo/RC0805JR-07100RL/311-100ARCT-ND/731185"; VariantName = "[No Variations]"
Add component (AddParameter): Name = "Manufacturer"; Value = "Yageo"; VariantName = "[No Variations]"
Add component (AddParameter): Name = "Package"; Value = "0805"; VariantName = "[No Variations]"
Add component (AddParameter): Name = "PartNumber"; Value = "RC0805JR-07100RL"; VariantName = "[No Variations]"
Add component (AddParameter): Name = "Power"; Value = "0.125W"; VariantName = "[No Variations]"
Add component (AddParameter): Name = "Temperature"; Value = "-55...+125°C"; VariantName = "[No Variations]"
Add component (AddParameter): Name = "Tolerance"; Value = "±5%"; VariantName = "[No Variations]"
Add component (AddParameter): Name = "TypeResistor"; Value = "Resistor film"; VariantName = "[No Variations]"
Add component (AddParameter): Name = "Value"; Value = "100"; VariantName = "[No Variations]"
Add component (AddParameter): Name = "ValueManufacturerPartNumber"; Value = "Resistor film, 100, ±5%, 0805, 0.125W, -55...+125°C"; VariantName = "[No Variations]"
Added Component: Designator=R?(RES: 0805)
Add component (AddParameter): Name = "HelpURL"; Value = "https://www.digikey.com/product-detail/en/yageo/RC0805JR-07100RL/311-100ARCT-ND/731185"; VariantName = "[No Variations]"
Add component (AddParameter): Name = "Manufacturer"; Value = "Yageo"; VariantName = "[No Variations]"
Add component (AddParameter): Name = "Package"; Value = "0805"; VariantName = "[No Variations]"
Add component (AddParameter): Name = "PartNumber"; Value = "RC0805JR-07100RL"; VariantName = "[No Variations]"
Add component (AddParameter): Name = "Power"; Value = "0.125W"; VariantName = "[No Variations]"
Add component (AddParameter): Name = "Temperature"; Value = "-55...+125°C"; VariantName = "[No Variations]"
Add component (AddParameter): Name = "Tolerance"; Value = "±5%"; VariantName = "[No Variations]"
Add component (AddParameter): Name = "TypeResistor"; Value = "Resistor film"; VariantName = "[No Variations]"
Add component (AddParameter): Name = "Value"; Value = "100k"; VariantName = "[No Variations]"
Add component (AddParameter): Name = "ValueManufacturerPartNumber"; Value = "Resistor film, 100k, ±5%, 0805, 0.125W, -55...+125°C"; VariantName = "[No Variations]"
Added Component: Designator=R?(RES: 0805)
Add component (AddParameter): Name = "HelpURL"; Value = "https://www.digikey.com/product-detail/en/yageo/RC0805JR-07100RL/311-100ARCT-ND/731185"; VariantName = "[No Variations]"
Add component (AddParameter): Name = "Manufacturer"; Value = "Yageo"; VariantName = "[No Variations]"
Add component (AddParameter): Name = "Package"; Value = "0805"; VariantName = "[No Variations]"
Add component (AddParameter): Name = "PartNumber"; Value = "RC0805JR-07100RL"; VariantName = "[No Variations]"
Add component (AddParameter): Name = "Power"; Value = "0.125W"; VariantName = "[No Variations]"
Add component (AddParameter): Name = "Temperature"; Value = "-55...+125°C"; VariantName = "[No Variations]"
Add component (AddParameter): Name = "Tolerance"; Value = "±5%"; VariantName = "[No Variations]"
Add component (AddParameter): Name = "TypeResistor"; Value = "Resistor film"; VariantName = "[No Variations]"
Add component (AddParameter): Name = "Value"; Value = "1k"; VariantName = "[No Variations]"
Add component (AddParameter): Name = "ValueManufacturerPartNumber"; Value = "Resistor film, 1k, ±5%, 0805, 0.125W, -55...+125°C"; VariantName = "[No Variations]"
Added Component: Designator=R?(RES: 0805)
Add component (AddParameter): Name = "HelpURL"; Value = "https://www.digikey.com/product-detail/en/yageo/RC0805JR-07100RL/311-100ARCT-ND/731185"; VariantName = "[No Variations]"
Add component (AddParameter): Name = "Manufacturer"; Value = "Yageo"; VariantName = "[No Variations]"
Add component (AddParameter): Name = "Package"; Value = "0805"; VariantName = "[No Variations]"
Add component (AddParameter): Name = "PartNumber"; Value = "RC0805JR-07100RL"; VariantName = "[No Variations]"
Add component (AddParameter): Name = "Power"; Value = "0.125W"; VariantName = "[No Variations]"
Add component (AddParameter): Name = "Temperature"; Value = "-55...+125°C"; VariantName = "[No Variations]"
Add component (AddParameter): Name = "Tolerance"; Value = "±5%"; VariantName = "[No Variations]"
Add component (AddParameter): Name = "TypeResistor"; Value = "Resistor film"; VariantName = "[No Variations]"
Add component (AddParameter): Name = "Value"; Value = "100k"; VariantName = "[No Variations]"
Add component (AddParameter): Name = "ValueManufacturerPartNumber"; Value = "Resistor film, 100k, ±5%, 0805, 0.125W, -55...+125°C"; VariantName = "[No Variations]"
Added Component: Designator=R?(RES: 0805)
Add component (AddParameter): Name = "HelpURL"; Value = "https://www.digikey.com/product-detail/en/yageo/RC0805JR-07100RL/311-100ARCT-ND/731185"; VariantName = "[No Variations]"
Add component (AddParameter): Name = "Manufacturer"; Value = "Yageo"; VariantName = "[No Variations]"
Add component (AddParameter): Name = "Package"; Value = "0805"; VariantName = "[No Variations]"
Add component (AddParameter): Name = "PartNumber"; Value = "RC0805JR-07100RL"; VariantName = "[No Variations]"
Add component (AddParameter): Name = "Power"; Value = "0.125W"; VariantName = "[No Variations]"
Add component (AddParameter): Name = "Temperature"; Value = "-55...+125°C"; VariantName = "[No Variations]"
Add component (AddParameter): Name = "Tolerance"; Value = "±5%"; VariantName = "[No Variations]"
Add component (AddParameter): Name = "TypeResistor"; Value = "Resistor film"; VariantName = "[No Variations]"
Add component (AddParameter): Name = "Value"; Value = "1k"; VariantName = "[No Variations]"
Add component (AddParameter): Name = "ValueManufacturerPartNumber"; Value = "Resistor film, 1k, ±5%, 0805, 0.125W, -55...+125°C"; VariantName = "[No Variations]"
Added Component: Designator=R?(RES: 0805)
Add component (AddParameter): Name = "HelpURL"; Value = "https://www.digikey.com/product-detail/en/yageo/RC0805JR-07100RL/311-100ARCT-ND/731185"; VariantName = "[No Variations]"
Add component (AddParameter): Name = "Manufacturer"; Value = "Yageo"; VariantName = "[No Variations]"
Add component (AddParameter): Name = "Package"; Value = "0805"; VariantName = "[No Variations]"
Add component (AddParameter): Name = "PartNumber"; Value = "RC0805JR-07100RL"; VariantName = "[No Variations]"
Add component (AddParameter): Name = "Power"; Value = "0.125W"; VariantName = "[No Variations]"
Add component (AddParameter): Name = "Temperature"; Value = "-55...+125°C"; VariantName = "[No Variations]"
Add component (AddParameter): Name = "Tolerance"; Value = "±5%"; VariantName = "[No Variations]"
Add component (AddParameter): Name = "TypeResistor"; Value = "Resistor film"; VariantName = "[No Variations]"
Add component (AddParameter): Name = "Value"; Value = "10k"; VariantName = "[No Variations]"
Add component (AddParameter): Name = "ValueManufacturerPartNumber"; Value = "Resistor film, 10k, ±5%, 0805, 0.125W, -55...+125°C"; VariantName = "[No Variations]"
Added Component: Designator=R?(RES: 0805)
Add component (AddParameter): Name = "HelpURL"; Value = "https://www.digikey.com/product-detail/en/yageo/RC0805JR-07100RL/311-100ARCT-ND/731185"; VariantName = "[No Variations]"
Add component (AddParameter): Name = "Manufacturer"; Value = "Yageo"; VariantName = "[No Variations]"
Add component (AddParameter): Name = "Package"; Value = "0805"; VariantName = "[No Variations]"
Add component (AddParameter): Name = "PartNumber"; Value = "RC0805JR-07100RL"; VariantName = "[No Variations]"
Add component (AddParameter): Name = "Power"; Value = "0.125W"; VariantName = "[No Variations]"
Add component (AddParameter): Name = "Temperature"; Value = "-55...+125°C"; VariantName = "[No Variations]"
Add component (AddParameter): Name = "Tolerance"; Value = "±5%"; VariantName = "[No Variations]"
Add component (AddParameter): Name = "TypeResistor"; Value = "Resistor film"; VariantName = "[No Variations]"
Add component (AddParameter): Name = "Value"; Value = "10k"; VariantName = "[No Variations]"
Add component (AddParameter): Name = "ValueManufacturerPartNumber"; Value = "Resistor film, 10k, ±5%, 0805, 0.125W, -55...+125°C"; VariantName = "[No Variations]"
Added Component: Designator=R?(RES: 0805)
Add component (AddParameter): Name = "HelpURL"; Value = "https://www.digikey.com/product-detail/en/yageo/RC0805JR-07100RL/311-100ARCT-ND/731185"; VariantName = "[No Variations]"
Add component (AddParameter): Name = "Manufacturer"; Value = "Yageo"; VariantName = "[No Variations]"
Add component (AddParameter): Name = "Package"; Value = "0805"; VariantName = "[No Variations]"
Add component (AddParameter): Name = "PartNumber"; Value = "RC0805JR-07100RL"; VariantName = "[No Variations]"
Add component (AddParameter): Name = "Power"; Value = "0.125W"; VariantName = "[No Variations]"
Add component (AddParameter): Name = "Temperature"; Value = "-55...+125°C"; VariantName = "[No Variations]"
Add component (AddParameter): Name = "Tolerance"; Value = "±5%"; VariantName = "[No Variations]"
Add component (AddParameter): Name = "TypeResistor"; Value = "Resistor film"; VariantName = "[No Variations]"
Add component (AddParameter): Name = "Value"; Value = "10k"; VariantName = "[No Variations]"
Add component (AddParameter): Name = "ValueManufacturerPartNumber"; Value = "Resistor film, 10k, ±5%, 0805, 0.125W, -55...+125°C"; VariantName = "[No Variations]"
Added Component: Designator=R?(RES: 0805)
Add component (AddParameter): Name = "HelpURL"; Value = "https://www.digikey.com/product-detail/en/yageo/RC0805JR-07100RL/311-100ARCT-ND/731185"; VariantName = "[No Variations]"
Add component (AddParameter): Name = "Manufacturer"; Value = "Yageo"; VariantName = "[No Variations]"
Add component (AddParameter): Name = "Package"; Value = "0805"; VariantName = "[No Variations]"
Add component (AddParameter): Name = "PartNumber"; Value = "RC0805JR-07100RL"; VariantName = "[No Variations]"
Add component (AddParameter): Name = "Power"; Value = "0.125W"; VariantName = "[No Variations]"
Add component (AddParameter): Name = "Temperature"; Value = "-55...+125°C"; VariantName = "[No Variations]"
Add component (AddParameter): Name = "Tolerance"; Value = "±5%"; VariantName = "[No Variations]"
Add component (AddParameter): Name = "TypeResistor"; Value = "Resistor film"; VariantName = "[No Variations]"
Add component (AddParameter): Name = "Value"; Value = "10k"; VariantName = "[No Variations]"
Add component (AddParameter): Name = "ValueManufacturerPartNumber"; Value = "Resistor film, 10k, ±5%, 0805, 0.125W, -55...+125°C"; VariantName = "[No Variations]"
Added Component: Designator=R?(RES: 0805)
Add component (AddParameter): Name = "HelpURL"; Value = "https://www.digikey.com/product-detail/en/yageo/RC0805JR-07100RL/311-100ARCT-ND/731185"; VariantName = "[No Variations]"
Add component (AddParameter): Name = "Manufacturer"; Value = "Yageo"; VariantName = "[No Variations]"
Add component (AddParameter): Name = "Package"; Value = "0805"; VariantName = "[No Variations]"
Add component (AddParameter): Name = "PartNumber"; Value = "RC0805JR-07100RL"; VariantName = "[No Variations]"
Add component (AddParameter): Name = "Power"; Value = "0.125W"; VariantName = "[No Variations]"
Add component (AddParameter): Name = "Temperature"; Value = "-55...+125°C"; VariantName = "[No Variations]"
Add component (AddParameter): Name = "Tolerance"; Value = "±5%"; VariantName = "[No Variations]"
Add component (AddParameter): Name = "TypeResistor"; Value = "Resistor film"; VariantName = "[No Variations]"
Add component (AddParameter): Name = "Value"; Value = "10k"; VariantName = "[No Variations]"
Add component (AddParameter): Name = "ValueManufacturerPartNumber"; Value = "Resistor film, 10k, ±5%, 0805, 0.125W, -55...+125°C"; VariantName = "[No Variations]"
Added Component: Designator=R?(RES: 0805)
Add component (AddParameter): Name = "HelpURL"; Value = "https://www.digikey.com/product-detail/en/yageo/RC0805JR-07100RL/311-100ARCT-ND/731185"; VariantName = "[No Variations]"
Add component (AddParameter): Name = "Manufacturer"; Value = "Yageo"; VariantName = "[No Variations]"
Add component (AddParameter): Name = "Package"; Value = "0805"; VariantName = "[No Variations]"
Add component (AddParameter): Name = "PartNumber"; Value = "RC0805JR-07100RL"; VariantName = "[No Variations]"
Add component (AddParameter): Name = "Power"; Value = "0.125W"; VariantName = "[No Variations]"
Add component (AddParameter): Name = "Temperature"; Value = "-55...+125°C"; VariantName = "[No Variations]"
Add component (AddParameter): Name = "Tolerance"; Value = "±5%"; VariantName = "[No Variations]"
Add component (AddParameter): Name = "TypeResistor"; Value = "Resistor film"; VariantName = "[No Variations]"
Add component (AddParameter): Name = "Value"; Value = "100"; VariantName = "[No Variations]"
Add component (AddParameter): Name = "ValueManufacturerPartNumber"; Value = "Resistor film, 100, ±5%, 0805, 0.125W, -55...+125°C"; VariantName = "[No Variations]"
Added Component: Designator=R?(RES: 0805)
Add component (AddParameter): Name = "HelpURL"; Value = "https://www.digikey.com/product-detail/en/yageo/RC0805JR-07100RL/311-100ARCT-ND/731185"; VariantName = "[No Variations]"
Add component (AddParameter): Name = "Manufacturer"; Value = "Yageo"; VariantName = "[No Variations]"
Add component (AddParameter): Name = "Package"; Value = "0805"; VariantName = "[No Variations]"
Add component (AddParameter): Name = "PartNumber"; Value = "RC0805JR-07100RL"; VariantName = "[No Variations]"
Add component (AddParameter): Name = "Power"; Value = "0.125W"; VariantName = "[No Variations]"
Add component (AddParameter): Name = "Temperature"; Value = "-55...+125°C"; VariantName = "[No Variations]"
Add component (AddParameter): Name = "Tolerance"; Value = "±5%"; VariantName = "[No Variations]"
Add component (AddParameter): Name = "TypeResistor"; Value = "Resistor film"; VariantName = "[No Variations]"
Add component (AddParameter): Name = "Value"; Value = "10k"; VariantName = "[No Variations]"
Add component (AddParameter): Name = "ValueManufacturerPartNumber"; Value = "Resistor film, 10k, ±5%, 0805, 0.125W, -55...+125°C"; VariantName = "[No Variations]"
Added Component: Designator=R?(RES: 0805)
Add component (AddParameter): Name = "HelpURL"; Value = "https://www.digikey.com/product-detail/en/yageo/RC0805JR-07100RL/311-100ARCT-ND/731185"; VariantName = "[No Variations]"
Add component (AddParameter): Name = "Manufacturer"; Value = "Yageo"; VariantName = "[No Variations]"
Add component (AddParameter): Name = "Package"; Value = "0805"; VariantName = "[No Variations]"
Add component (AddParameter): Name = "PartNumber"; Value = "RC0805JR-07100RL"; VariantName = "[No Variations]"
Add component (AddParameter): Name = "Power"; Value = "0.125W"; VariantName = "[No Variations]"
Add component (AddParameter): Name = "Temperature"; Value = "-55...+125°C"; VariantName = "[No Variations]"
Add component (AddParameter): Name = "Tolerance"; Value = "±5%"; VariantName = "[No Variations]"
Add component (AddParameter): Name = "TypeResistor"; Value = "Resistor film"; VariantName = "[No Variations]"
Add component (AddParameter): Name = "Value"; Value = "10k"; VariantName = "[No Variations]"
Add component (AddParameter): Name = "ValueManufacturerPartNumber"; Value = "Resistor film, 10k, ±5%, 0805, 0.125W, -55...+125°C"; VariantName = "[No Variations]"
Added Component: Designator=R?(RES: 0805)
Add component (AddParameter): Name = "HelpURL"; Value = "https://www.digikey.com/product-detail/en/yageo/RC0805JR-07100RL/311-100ARCT-ND/731185"; VariantName = "[No Variations]"
Add component (AddParameter): Name = "Manufacturer"; Value = "Yageo"; VariantName = "[No Variations]"
Add component (AddParameter): Name = "Package"; Value = "0805"; VariantName = "[No Variations]"
Add component (AddParameter): Name = "PartNumber"; Value = "RC0805JR-07100RL"; VariantName = "[No Variations]"
Add component (AddParameter): Name = "Power"; Value = "0.125W"; VariantName = "[No Variations]"
Add component (AddParameter): Name = "Temperature"; Value = "-55...+125°C"; VariantName = "[No Variations]"
Add component (AddParameter): Name = "Tolerance"; Value = "±5%"; VariantName = "[No Variations]"
Add component (AddParameter): Name = "TypeResistor"; Value = "Resistor film"; VariantName = "[No Variations]"
Add component (AddParameter): Name = "Value"; Value = "10k"; VariantName = "[No Variations]"
Add component (AddParameter): Name = "ValueManufacturerPartNumber"; Value = "Resistor film, 10k, ±5%, 0805, 0.125W, -55...+125°C"; VariantName = "[No Variations]"
Added Component: Designator=R?(RES: 0805)
Add component (AddParameter): Name = "HelpURL"; Value = "https://www.digikey.com/product-detail/en/yageo/RC0805JR-07100RL/311-100ARCT-ND/731185"; VariantName = "[No Variations]"
Add component (AddParameter): Name = "Manufacturer"; Value = "Yageo"; VariantName = "[No Variations]"
Add component (AddParameter): Name = "Package"; Value = "0805"; VariantName = "[No Variations]"
Add component (AddParameter): Name = "PartNumber"; Value = "RC0805JR-07100RL"; VariantName = "[No Variations]"
Add component (AddParameter): Name = "Power"; Value = "0.125W"; VariantName = "[No Variations]"
Add component (AddParameter): Name = "Temperature"; Value = "-55...+125°C"; VariantName = "[No Variations]"
Add component (AddParameter): Name = "Tolerance"; Value = "±5%"; VariantName = "[No Variations]"
Add component (AddParameter): Name = "TypeResistor"; Value = "Resistor film"; VariantName = "[No Variations]"
Add component (AddParameter): Name = "Value"; Value = "10k"; VariantName = "[No Variations]"
Add component (AddParameter): Name = "ValueManufacturerPartNumber"; Value = "Resistor film, 10k, ±5%, 0805, 0.125W, -55...+125°C"; VariantName = "[No Variations]"
Added Component: Designator=R?(RES: 0805)
Add component (AddParameter): Name = "HelpURL"; Value = "https://www.digikey.com/product-detail/en/yageo/RC0805JR-07100RL/311-100ARCT-ND/731185"; VariantName = "[No Variations]"
Add component (AddParameter): Name = "Manufacturer"; Value = "Yageo"; VariantName = "[No Variations]"
Add component (AddParameter): Name = "Package"; Value = "0805"; VariantName = "[No Variations]"
Add component (AddParameter): Name = "PartNumber"; Value = "RC0805JR-07100RL"; VariantName = "[No Variations]"
Add component (AddParameter): Name = "Power"; Value = "0.125W"; VariantName = "[No Variations]"
Add component (AddParameter): Name = "Temperature"; Value = "-55...+125°C"; VariantName = "[No Variations]"
Add component (AddParameter): Name = "Tolerance"; Value = "±5%"; VariantName = "[No Variations]"
Add component (AddParameter): Name = "TypeResistor"; Value = "Resistor film"; VariantName = "[No Variations]"
Add component (AddParameter): Name = "Value"; Value = "10k"; VariantName = "[No Variations]"
Add component (AddParameter): Name = "ValueManufacturerPartNumber"; Value = "Resistor film, 10k, ±5%, 0805, 0.125W, -55...+125°C"; VariantName = "[No Variations]"
Added Component: Designator=R?(RES: 0805)
Add component (AddParameter): Name = "HelpURL"; Value = "https://www.digikey.com/product-detail/en/yageo/RC0805JR-07100RL/311-100ARCT-ND/731185"; VariantName = "[No Variations]"
Add component (AddParameter): Name = "Manufacturer"; Value = "Yageo"; VariantName = "[No Variations]"
Add component (AddParameter): Name = "Package"; Value = "0805"; VariantName = "[No Variations]"
Add component (AddParameter): Name = "PartNumber"; Value = "RC0805JR-07100RL"; VariantName = "[No Variations]"
Add component (AddParameter): Name = "Power"; Value = "0.125W"; VariantName = "[No Variations]"
Add component (AddParameter): Name = "Temperature"; Value = "-55...+125°C"; VariantName = "[No Variations]"
Add component (AddParameter): Name = "Tolerance"; Value = "±5%"; VariantName = "[No Variations]"
Add component (AddParameter): Name = "TypeResistor"; Value = "Resistor film"; VariantName = "[No Variations]"
Add component (AddParameter): Name = "Value"; Value = "1k"; VariantName = "[No Variations]"
Add component (AddParameter): Name = "ValueManufacturerPartNumber"; Value = "Resistor film, 1k, ±5%, 0805, 0.125W, -55...+125°C"; VariantName = "[No Variations]"
Added Component: Designator=R?(RES: 0805)
Add component (AddParameter): Name = "HelpURL"; Value = "https://www.digikey.com/product-detail/en/yageo/RC0805JR-07100RL/311-100ARCT-ND/731185"; VariantName = "[No Variations]"
Add component (AddParameter): Name = "Manufacturer"; Value = "Yageo"; VariantName = "[No Variations]"
Add component (AddParameter): Name = "Package"; Value = "0805"; VariantName = "[No Variations]"
Add component (AddParameter): Name = "PartNumber"; Value = "RC0805JR-07100RL"; VariantName = "[No Variations]"
Add component (AddParameter): Name = "Power"; Value = "0.125W"; VariantName = "[No Variations]"
Add component (AddParameter): Name = "Temperature"; Value = "-55...+125°C"; VariantName = "[No Variations]"
Add component (AddParameter): Name = "Tolerance"; Value = "±5%"; VariantName = "[No Variations]"
Add component (AddParameter): Name = "TypeResistor"; Value = "Resistor film"; VariantName = "[No Variations]"
Add component (AddParameter): Name = "Value"; Value = "100k"; VariantName = "[No Variations]"
Add component (AddParameter): Name = "ValueManufacturerPartNumber"; Value = "Resistor film, 100k, ±5%, 0805, 0.125W, -55...+125°C"; VariantName = "[No Variations]"
Added Component: Designator=R?(RES: 0805)
Add component (AddParameter): Name = "HelpURL"; Value = "https://www.digikey.com/product-detail/en/yageo/RC0805JR-07100RL/311-100ARCT-ND/731185"; VariantName = "[No Variations]"
Add component (AddParameter): Name = "Manufacturer"; Value = "Yageo"; VariantName = "[No Variations]"
Add component (AddParameter): Name = "Package"; Value = "0805"; VariantName = "[No Variations]"
Add component (AddParameter): Name = "PartNumber"; Value = "RC0805JR-07100RL"; VariantName = "[No Variations]"
Add component (AddParameter): Name = "Power"; Value = "0.125W"; VariantName = "[No Variations]"
Add component (AddParameter): Name = "Temperature"; Value = "-55...+125°C"; VariantName = "[No Variations]"
Add component (AddParameter): Name = "Tolerance"; Value = "±5%"; VariantName = "[No Variations]"
Add component (AddParameter): Name = "TypeResistor"; Value = "Resistor film"; VariantName = "[No Variations]"
Add component (AddParameter): Name = "Value"; Value = "100k"; VariantName = "[No Variations]"
Add component (AddParameter): Name = "ValueManufacturerPartNumber"; Value = "Resistor film, 100k, ±5%, 0805, 0.125W, -55...+125°C"; VariantName = "[No Variations]"
Added Component: Designator=R?(RES: 0805)
Add component (AddParameter): Name = "HelpURL"; Value = "https://www.digikey.com/product-detail/en/yageo/RC0805JR-07100RL/311-100ARCT-ND/731185"; VariantName = "[No Variations]"
Add component (AddParameter): Name = "Manufacturer"; Value = "Yageo"; VariantName = "[No Variations]"
Add component (AddParameter): Name = "Package"; Value = "0805"; VariantName = "[No Variations]"
Add component (AddParameter): Name = "PartNumber"; Value = "RC0805JR-07100RL"; VariantName = "[No Variations]"
Add component (AddParameter): Name = "Power"; Value = "0.125W"; VariantName = "[No Variations]"
Add component (AddParameter): Name = "Temperature"; Value = "-55...+125°C"; VariantName = "[No Variations]"
Add component (AddParameter): Name = "Tolerance"; Value = "±5%"; VariantName = "[No Variations]"
Add component (AddParameter): Name = "TypeResistor"; Value = "Resistor film"; VariantName = "[No Variations]"
Add component (AddParameter): Name = "Value"; Value = "0"; VariantName = "[No Variations]"
Add component (AddParameter): Name = "ValueManufacturerPartNumber"; Value = "Resistor film, 0, ±5%, 0805, 0.125W, -55...+125°C"; VariantName = "[No Variations]"
Added Component: Designator=R?(RES: 0805)
Add component (AddParameter): Name = "HelpURL"; Value = "https://www.digikey.com/product-detail/en/yageo/RC0805JR-07100RL/311-100ARCT-ND/731185"; VariantName = "[No Variations]"
Add component (AddParameter): Name = "Manufacturer"; Value = "Yageo"; VariantName = "[No Variations]"
Add component (AddParameter): Name = "Package"; Value = "0805"; VariantName = "[No Variations]"
Add component (AddParameter): Name = "PartNumber"; Value = "RC0805JR-07100RL"; VariantName = "[No Variations]"
Add component (AddParameter): Name = "Power"; Value = "0.125W"; VariantName = "[No Variations]"
Add component (AddParameter): Name = "Temperature"; Value = "-55...+125°C"; VariantName = "[No Variations]"
Add component (AddParameter): Name = "Tolerance"; Value = "±5%"; VariantName = "[No Variations]"
Add component (AddParameter): Name = "TypeResistor"; Value = "Resistor film"; VariantName = "[No Variations]"
Add component (AddParameter): Name = "Value"; Value = "0"; VariantName = "[No Variations]"
Add component (AddParameter): Name = "ValueManufacturerPartNumber"; Value = "Resistor film, 0, ±5%, 0805, 0.125W, -55...+125°C"; VariantName = "[No Variations]"
Added Component: Designator=R?(RES: 0805)
Add component (AddParameter): Name = "HelpURL"; Value = "https://www.digikey.com/product-detail/en/yageo/RC0805JR-07100RL/311-100ARCT-ND/731185"; VariantName = "[No Variations]"
Add component (AddParameter): Name = "Manufacturer"; Value = "Yageo"; VariantName = "[No Variations]"
Add component (AddParameter): Name = "Package"; Value = "0805"; VariantName = "[No Variations]"
Add component (AddParameter): Name = "PartNumber"; Value = "RC0805JR-07100RL"; VariantName = "[No Variations]"
Add component (AddParameter): Name = "Power"; Value = "0.125W"; VariantName = "[No Variations]"
Add component (AddParameter): Name = "Temperature"; Value = "-55...+125°C"; VariantName = "[No Variations]"
Add component (AddParameter): Name = "Tolerance"; Value = "±5%"; VariantName = "[No Variations]"
Add component (AddParameter): Name = "TypeResistor"; Value = "Resistor film"; VariantName = "[No Variations]"
Add component (AddParameter): Name = "Value"; Value = "1k"; VariantName = "[No Variations]"
Add component (AddParameter): Name = "ValueManufacturerPartNumber"; Value = "Resistor film, 1k, ±5%, 0805, 0.125W, -55...+125°C"; VariantName = "[No Variations]"
Added Component: Designator=R?(RES: 0805)
Add component (AddParameter): Name = "HelpURL"; Value = "https://www.digikey.com/product-detail/en/yageo/RC0805JR-07100RL/311-100ARCT-ND/731185"; VariantName = "[No Variations]"
Add component (AddParameter): Name = "Manufacturer"; Value = "Yageo"; VariantName = "[No Variations]"
Add component (AddParameter): Name = "Package"; Value = "0805"; VariantName = "[No Variations]"
Add component (AddParameter): Name = "PartNumber"; Value = "RC0805JR-07100RL"; VariantName = "[No Variations]"
Add component (AddParameter): Name = "Power"; Value = "0.125W"; VariantName = "[No Variations]"
Add component (AddParameter): Name = "Temperature"; Value = "-55...+125°C"; VariantName = "[No Variations]"
Add component (AddParameter): Name = "Tolerance"; Value = "±5%"; VariantName = "[No Variations]"
Add component (AddParameter): Name = "TypeResistor"; Value = "Resistor film"; VariantName = "[No Variations]"
Add component (AddParameter): Name = "Value"; Value = "0"; VariantName = "[No Variations]"
Add component (AddParameter): Name = "ValueManufacturerPartNumber"; Value = "Resistor film, 0, ±5%, 0805, 0.125W, -55...+125°C"; VariantName = "[No Variations]"
Added Component: Designator=R?(RES: 0805)
Add component (AddParameter): Name = "HelpURL"; Value = "https://www.digikey.com/product-detail/en/yageo/RC0805JR-07100RL/311-100ARCT-ND/731185"; VariantName = "[No Variations]"
Add component (AddParameter): Name = "Manufacturer"; Value = "Yageo"; VariantName = "[No Variations]"
Add component (AddParameter): Name = "Package"; Value = "0805"; VariantName = "[No Variations]"
Add component (AddParameter): Name = "PartNumber"; Value = "RC0805JR-07100RL"; VariantName = "[No Variations]"
Add component (AddParameter): Name = "Power"; Value = "0.125W"; VariantName = "[No Variations]"
Add component (AddParameter): Name = "Temperature"; Value = "-55...+125°C"; VariantName = "[No Variations]"
Add component (AddParameter): Name = "Tolerance"; Value = "±5%"; VariantName = "[No Variations]"
Add component (AddParameter): Name = "TypeResistor"; Value = "Resistor film"; VariantName = "[No Variations]"
Add component (AddParameter): Name = "Value"; Value = "1k"; VariantName = "[No Variations]"
Add component (AddParameter): Name = "ValueManufacturerPartNumber"; Value = "Resistor film, 1k, ±5%, 0805, 0.125W, -55...+125°C"; VariantName = "[No Variations]"
Added Component: Designator=R?(RES: 0805)
Add component (AddParameter): Name = "HelpURL"; Value = "https://www.digikey.com/product-detail/en/yageo/RC0805JR-07100RL/311-100ARCT-ND/731185"; VariantName = "[No Variations]"
Add component (AddParameter): Name = "Manufacturer"; Value = "Yageo"; VariantName = "[No Variations]"
Add component (AddParameter): Name = "Package"; Value = "0805"; VariantName = "[No Variations]"
Add component (AddParameter): Name = "PartNumber"; Value = "RC0805JR-07100RL"; VariantName = "[No Variations]"
Add component (AddParameter): Name = "Power"; Value = "0.125W"; VariantName = "[No Variations]"
Add component (AddParameter): Name = "Temperature"; Value = "-55...+125°C"; VariantName = "[No Variations]"
Add component (AddParameter): Name = "Tolerance"; Value = "±5%"; VariantName = "[No Variations]"
Add component (AddParameter): Name = "TypeResistor"; Value = "Resistor film"; VariantName = "[No Variations]"
Add component (AddParameter): Name = "Value"; Value = "100"; VariantName = "[No Variations]"
Add component (AddParameter): Name = "ValueManufacturerPartNumber"; Value = "Resistor film, 100, ±5%, 0805, 0.125W, -55...+125°C"; VariantName = "[No Variations]"
Added Component: Designator=R?(RES: 0805)
Add component (AddParameter): Name = "HelpURL"; Value = "https://www.digikey.com/product-detail/en/yageo/RC0805JR-07100RL/311-100ARCT-ND/731185"; VariantName = "[No Variations]"
Add component (AddParameter): Name = "Manufacturer"; Value = "Yageo"; VariantName = "[No Variations]"
Add component (AddParameter): Name = "Package"; Value = "0805"; VariantName = "[No Variations]"
Add component (AddParameter): Name = "PartNumber"; Value = "RC0805JR-07100RL"; VariantName = "[No Variations]"
Add component (AddParameter): Name = "Power"; Value = "0.125W"; VariantName = "[No Variations]"
Add component (AddParameter): Name = "Temperature"; Value = "-55...+125°C"; VariantName = "[No Variations]"
Add component (AddParameter): Name = "Tolerance"; Value = "±5%"; VariantName = "[No Variations]"
Add component (AddParameter): Name = "TypeResistor"; Value = "Resistor film"; VariantName = "[No Variations]"
Add component (AddParameter): Name = "Value"; Value = "1k"; VariantName = "[No Variations]"
Add component (AddParameter): Name = "ValueManufacturerPartNumber"; Value = "Resistor film, 1k, ±5%, 0805, 0.125W, -55...+125°C"; VariantName = "[No Variations]"
Added Component: Designator=R?(RES: 0805)
Add component (AddParameter): Name = "HelpURL"; Value = "https://www.digikey.com/product-detail/en/yageo/RC0805JR-07100RL/311-100ARCT-ND/731185"; VariantName = "[No Variations]"
Add component (AddParameter): Name = "Manufacturer"; Value = "Yageo"; VariantName = "[No Variations]"
Add component (AddParameter): Name = "Package"; Value = "0805"; VariantName = "[No Variations]"
Add component (AddParameter): Name = "PartNumber"; Value = "RC0805JR-07100RL"; VariantName = "[No Variations]"
Add component (AddParameter): Name = "Power"; Value = "0.125W"; VariantName = "[No Variations]"
Add component (AddParameter): Name = "Temperature"; Value = "-55...+125°C"; VariantName = "[No Variations]"
Add component (AddParameter): Name = "Tolerance"; Value = "±5%"; VariantName = "[No Variations]"
Add component (AddParameter): Name = "TypeResistor"; Value = "Resistor film"; VariantName = "[No Variations]"
Add component (AddParameter): Name = "Value"; Value = "1k"; VariantName = "[No Variations]"
Add component (AddParameter): Name = "ValueManufacturerPartNumber"; Value = "Resistor film, 1k, ±5%, 0805, 0.125W, -55...+125°C"; VariantName = "[No Variations]"
Added Component: Designator=R?(RES: 0805)
Add component (AddParameter): Name = "HelpURL"; Value = "https://www.digikey.com/product-detail/en/yageo/RC0805JR-07100RL/311-100ARCT-ND/731185"; VariantName = "[No Variations]"
Add component (AddParameter): Name = "Manufacturer"; Value = "Yageo"; VariantName = "[No Variations]"
Add component (AddParameter): Name = "Package"; Value = "0805"; VariantName = "[No Variations]"
Add component (AddParameter): Name = "PartNumber"; Value = "RC0805JR-07100RL"; VariantName = "[No Variations]"
Add component (AddParameter): Name = "Power"; Value = "0.125W"; VariantName = "[No Variations]"
Add component (AddParameter): Name = "Temperature"; Value = "-55...+125°C"; VariantName = "[No Variations]"
Add component (AddParameter): Name = "Tolerance"; Value = "±5%"; VariantName = "[No Variations]"
Add component (AddParameter): Name = "TypeResistor"; Value = "Resistor film"; VariantName = "[No Variations]"
Add component (AddParameter): Name = "Value"; Value = "0"; VariantName = "[No Variations]"
Add component (AddParameter): Name = "ValueManufacturerPartNumber"; Value = "Resistor film, 0, ±5%, 0805, 0.125W, -55...+125°C"; VariantName = "[No Variations]"
Added Component: Designator=R?(RES: 0805)
Add component (AddParameter): Name = "HelpURL"; Value = "https://www.digikey.com/product-detail/en/yageo/RC0805JR-07100RL/311-100ARCT-ND/731185"; VariantName = "[No Variations]"
Add component (AddParameter): Name = "Manufacturer"; Value = "Yageo"; VariantName = "[No Variations]"
Add component (AddParameter): Name = "Package"; Value = "0805"; VariantName = "[No Variations]"
Add component (AddParameter): Name = "PartNumber"; Value = "RC0805JR-07100RL"; VariantName = "[No Variations]"
Add component (AddParameter): Name = "Power"; Value = "0.125W"; VariantName = "[No Variations]"
Add component (AddParameter): Name = "Temperature"; Value = "-55...+125°C"; VariantName = "[No Variations]"
Add component (AddParameter): Name = "Tolerance"; Value = "±5%"; VariantName = "[No Variations]"
Add component (AddParameter): Name = "TypeResistor"; Value = "Resistor film"; VariantName = "[No Variations]"
Add component (AddParameter): Name = "Value"; Value = "10k"; VariantName = "[No Variations]"
Add component (AddParameter): Name = "ValueManufacturerPartNumber"; Value = "Resistor film, 10k, ±5%, 0805, 0.125W, -55...+125°C"; VariantName = "[No Variations]"
Added Component: Designator=R?(RES: 0805)
Add component (AddParameter): Name = "HelpURL"; Value = "https://www.digikey.com/product-detail/en/yageo/RC0805JR-07100RL/311-100ARCT-ND/731185"; VariantName = "[No Variations]"
Add component (AddParameter): Name = "Manufacturer"; Value = "Yageo"; VariantName = "[No Variations]"
Add component (AddParameter): Name = "Package"; Value = "0805"; VariantName = "[No Variations]"
Add component (AddParameter): Name = "PartNumber"; Value = "RC0805JR-07100RL"; VariantName = "[No Variations]"
Add component (AddParameter): Name = "Power"; Value = "0.125W"; VariantName = "[No Variations]"
Add component (AddParameter): Name = "Temperature"; Value = "-55...+125°C"; VariantName = "[No Variations]"
Add component (AddParameter): Name = "Tolerance"; Value = "±5%"; VariantName = "[No Variations]"
Add component (AddParameter): Name = "TypeResistor"; Value = "Resistor film"; VariantName = "[No Variations]"
Add component (AddParameter): Name = "Value"; Value = "100"; VariantName = "[No Variations]"
Add component (AddParameter): Name = "ValueManufacturerPartNumber"; Value = "Resistor film, 100, ±5%, 0805, 0.125W, -55...+125°C"; VariantName = "[No Variations]"
Added Component: Designator=R?(RES: 0805)
Add component (AddParameter): Name = "HelpURL"; Value = "https://www.digikey.com/product-detail/en/yageo/RC0805JR-07100RL/311-100ARCT-ND/731185"; VariantName = "[No Variations]"
Add component (AddParameter): Name = "Manufacturer"; Value = "Yageo"; VariantName = "[No Variations]"
Add component (AddParameter): Name = "Package"; Value = "0805"; VariantName = "[No Variations]"
Add component (AddParameter): Name = "PartNumber"; Value = "RC0805JR-07100RL"; VariantName = "[No Variations]"
Add component (AddParameter): Name = "Power"; Value = "0.125W"; VariantName = "[No Variations]"
Add component (AddParameter): Name = "Temperature"; Value = "-55...+125°C"; VariantName = "[No Variations]"
Add component (AddParameter): Name = "Tolerance"; Value = "±5%"; VariantName = "[No Variations]"
Add component (AddParameter): Name = "TypeResistor"; Value = "Resistor film"; VariantName = "[No Variations]"
Add component (AddParameter): Name = "Value"; Value = "1k"; VariantName = "[No Variations]"
Add component (AddParameter): Name = "ValueManufacturerPartNumber"; Value = "Resistor film, 1k, ±5%, 0805, 0.125W, -55...+125°C"; VariantName = "[No Variations]"
Added Component: Designator=U??(RRD-303)
Added Pin To Net: NetName=+9 Pin=C?-1
Added Pin To Net: NetName=+9 Pin=C?-1
Added Pin To Net: NetName=A Pin=C?-1
Added Pin To Net: NetName=A Pin=C?-1
Added Pin To Net: NetName=A Pin=C?-1
Added Pin To Net: NetName=A Pin=C?-1
Added Pin To Net: NetName=A Pin=C?-1
Added Pin To Net: NetName=A Pin=C?-1
Added Pin To Net: NetName=+9 Pin=C?-2
Added Pin To Net: NetName=+9 Pin=C?-2
Added Pin To Net: NetName=A Pin=C?-2
Added Pin To Net: NetName=A Pin=C?-2
Added Pin To Net: NetName=A Pin=C?-2
Added Pin To Net: NetName=A Pin=C?-2
Added Pin To Net: NetName=GND Pin=CP?-6
Added Pin To Net: NetName=A Pin=IC?-3
Added Pin To Net: NetName=A Pin=IC?-3
Added Pin To Net: NetName=A Pin=IC?-4
Added Pin To Net: NetName=A Pin=IC?-4
Added Pin To Net: NetName=A Pin=IC?-5
Added Pin To Net: NetName=A Pin=IC?-5
Added Pin To Net: NetName=A Pin=IC?-10
Added Pin To Net: NetName=A Pin=IC?-10
Added Pin To Net: NetName=A Pin=IC?-11
Added Pin To Net: NetName=A Pin=IC?-11
Added Pin To Net: NetName=A Pin=IC?-12
Added Pin To Net: NetName=A Pin=IC?-12
Added Pin To Net: NetName=+9 Pin=IC?-14
Added Pin To Net: NetName=+9 Pin=IC?-14
Added Pin To Net: NetName=GND Pin=U??-1
Added Pin To Net: NetName=+3.3 Pin=U??-12
Added Pin To Net: NetName=GND Pin=U??-15
Added Pin To Net: NetName=Line left P Pin=U??-16
Added Pin To Net: NetName=Line left N Pin=U??-17
Added Pin To Net: NetName=Line right P Pin=U??-18
Added Pin To Net: NetName=Line right N Pin=U??-19
Added Pin To Net: NetName=GND Pin=U??-27
Added Pin To Net: NetName=1/2VCC Pin=C?-1
Added Pin To Net: NetName=1/2VCC Pin=C?-1
Added Pin To Net: NetName=1/2VCC Pin=IC?-1
Added Pin To Net: NetName=1/2VCC Pin=IC?-1
Added Pin To Net: NetName=1/2VCC Pin=R?-1
Added Pin To Net: NetName=1/2VCC Pin=R?-1
Added Pin To Net: NetName=1/2VCC Pin=R?-2
Added Pin To Net: NetName=1/2VCC Pin=R?-2
Added Pin To Net: NetName=1/2VCC Pin=R?-2
Added Pin To Net: NetName=1/2VCC Pin=R?-2
Added Pin To Net: NetName=1/2VCC Pin=R?-2
Added Pin To Net: NetName=1/2VCC Pin=R?-2
Added Net: Name=1/2VCC
Added Pin To Net: NetName=EN Pin=CP?-5
Added Pin To Net: NetName=EN Pin=U??-10
Added Net: Name=EN
Added Pin To Net: NetName=Line out right + Pin=R?-2
Added Pin To Net: NetName=Line out right + Pin=R?-2
Added Net: Name=Line out right +
Added Pin To Net: NetName=Line out right - Pin=R?-2
Added Pin To Net: NetName=Line out right - Pin=R?-2
Added Net: Name=Line out right -
Added Pin To Net: NetName=Line R + Pin=R?-1
Added Pin To Net: NetName=Line R + Pin=R?-1
Added Net: Name=Line R +
Added Pin To Net: NetName=Line R - Pin=R?-1
Added Pin To Net: NetName=Line R - Pin=R?-1
Added Net: Name=Line R -
Added Pin To Net: NetName=LK Pin=CP?-4
Added Pin To Net: NetName=LK Pin=U??-9
Added Net: Name=LK
Added Pin To Net: NetName=NetC?_1 Pin=C?-1
Added Pin To Net: NetName=NetC?_1 Pin=R?-2
Added Net: Name=NetC?_1
Add Net: Net with name "NetC?_1" already exists
Add Net: Net with name "NetC?_1" already exists
Add Net: Net with name "NetC?_1" already exists
Added Pin To Net: NetName=NetC?_2 Pin=C?-2
Added Pin To Net: NetName=NetC?_2 Pin=R?-2
Added Net: Name=NetC?_2
Add Net: Net with name "NetC?_2" already exists
Add Net: Net with name "NetC?_2" already exists
Add Net: Net with name "NetC?_2" already exists
Add Net: Net with name "NetC?_2" already exists
Add Net: Net with name "NetC?_2" already exists
Add Net: Net with name "NetC?_2" already exists
Add Net: Net with name "NetC?_2" already exists
Added Pin To Net: NetName=NetIC5_9 Pin=IC5-9
Added Pin To Net: NetName=NetIC5_9 Pin=R?-2
Added Net: Name=NetIC5_9
Added Pin To Net: NetName=NetIC5_10 Pin=IC5-10
Added Pin To Net: NetName=NetIC5_10 Pin=R?-2
Added Net: Name=NetIC5_10
Added Pin To Net: NetName=NetIC5_11 Pin=IC5-11
Added Pin To Net: NetName=NetIC5_11 Pin=R?-2
Added Net: Name=NetIC5_11
Added Pin To Net: NetName=NetIC5_13 Pin=IC5-13
Added Pin To Net: NetName=NetIC5_13 Pin=R?-2
Added Net: Name=NetIC5_13
Added Pin To Net: NetName=NetIC?_2 Pin=IC?-2
Added Pin To Net: NetName=NetIC?_2 Pin=R?-1
Added Pin To Net: NetName=NetIC?_2 Pin=R?-1
Added Pin To Net: NetName=NetIC?_2 Pin=R?-2
Added Net: Name=NetIC?_2
Add Net: Net with name "NetIC?_2" already exists
Added Pin To Net: NetName=NetIC?_6 Pin=IC?-6
Added Pin To Net: NetName=NetIC?_6 Pin=R?-1
Added Pin To Net: NetName=NetIC?_6 Pin=R?-1
Added Net: Name=NetIC?_6
Add Net: Net with name "NetIC?_6" already exists
Added Pin To Net: NetName=NetIC?_7 Pin=IC?-7
Added Pin To Net: NetName=NetIC?_7 Pin=R?-1
Added Pin To Net: NetName=NetIC?_7 Pin=R?-2
Added Net: Name=NetIC?_7
Add Net: Net with name "NetIC?_7" already exists
Added Pin To Net: NetName=NetIC?_9 Pin=IC?-9
Added Pin To Net: NetName=NetIC?_9 Pin=R?-1
Added Pin To Net: NetName=NetIC?_9 Pin=R?-1
Added Net: Name=NetIC?_9
Add Net: Net with name "NetIC?_9" already exists
Added Pin To Net: NetName=NetR?_1 Pin=R?-1
Added Pin To Net: NetName=NetR?_1 Pin=R?-1
Added Pin To Net: NetName=NetR?_1 Pin=R?-1
Added Net: Name=NetR?_1
Add Net: Net with name "NetR?_1" already exists
Added Pin To Net: NetName=NetR?_2 Pin=R?-2
Added Pin To Net: NetName=NetR?_2 Pin=R?-2
Added Net: Name=NetR?_2
Add Net: Net with name "NetR?_2" already exists
Added Pin To Net: NetName=PAUSE Pin=R?-1
Added Pin To Net: NetName=PAUSE Pin=U??-3
Added Net: Name=PAUSE
Added Pin To Net: NetName=PLAY Pin=R?-1
Added Pin To Net: NetName=PLAY Pin=U??-2
Added Net: Name=PLAY
Added Pin To Net: NetName=SB Pin=CP?-1
Added Pin To Net: NetName=SB Pin=U??-6
Added Net: Name=SB
Added Pin To Net: NetName=SKIP B Pin=R?-1
Added Pin To Net: NetName=SKIP B Pin=U??-5
Added Net: Name=SKIP B
Added Pin To Net: NetName=SKIP F Pin=R?-1
Added Pin To Net: NetName=SKIP F Pin=U??-4
Added Net: Name=SKIP F
Added Pin To Net: NetName=SO Pin=CP?-2
Added Pin To Net: NetName=SO Pin=U??-7
Added Net: Name=SO
Added Pin To Net: NetName=STATBT Pin=R?-1
Added Pin To Net: NetName=STATBT Pin=U??-25
Added Net: Name=STATBT
Added Class: Name=DIFFAMP
Added Member To Class: ClassName=MC Member=Component CP? Connector, 6pin, 2.54mm, 500VAC, 3A
Added Member To Class: ClassName=MC Member=Component R? Resistor film, 10k, ±5%, 0805, 0.125W, -55...+125°C
Added Member To Class: ClassName=MC Member=Component R? Resistor film, 10k, ±5%, 0805, 0.125W, -55...+125°C
Added Member To Class: ClassName=MC Member=Component R? Resistor film, 10k, ±5%, 0805, 0.125W, -55...+125°C
Added Member To Class: ClassName=MC Member=Component R? Resistor film, 10k, ±5%, 0805, 0.125W, -55...+125°C
Added Member To Class: ClassName=MC Member=Component R? Resistor film, 10k, ±5%, 0805, 0.125W, -55...+125°C
Added Member To Class: ClassName=MC Member=Component U?? RRD-303
