Removed Pin From Net: NetName=Line left (-) Pin=U1-32
Removed Pin From Net: NetName=Line left (+) Pin=U1-33
Removed Pin From Net: NetName=Line right (+) Pin=U1-34
Removed Pin From Net: NetName=Line right (-) Pin=U1-35
Added Pin To Net: NetName=Line left (-) Pin=X?-1
Added Pin To Net: NetName=Line left (+) Pin=X?-4
Added Pin To Net: NetName=+9 Pin=X?-5
Added Pin To Net: NetName=A Pin=X?-6
Added Pin To Net: NetName=Line right (-) Pin=X?-7
Added Pin To Net: NetName=Line right (+) Pin=X?-10
Added Pin To Net: NetName=Line left N Pin=U1-32
Added Pin To Net: NetName=Line left N Pin=X?-2
Added Net: Name=Line left N
Added Pin To Net: NetName=Line left P Pin=U1-33
Added Pin To Net: NetName=Line left P Pin=X?-3
Added Net: Name=Line left P
Added Pin To Net: NetName=Line right N Pin=U1-35
Added Pin To Net: NetName=Line right N Pin=X?-8
Added Net: Name=Line right N
Added Pin To Net: NetName=Line right P Pin=U1-34
Added Pin To Net: NetName=Line right P Pin=X?-9
Added Net: Name=Line right P
