Removed Pin From Net: NetName=GND Pin=IN-2
Removed Pin From Net: NetName=GND Pin=IN-8
Removed Pin From Net: NetName=GND Pin=OUT-2
Removed Pin From Net: NetName=GND Pin=OUT-8
Added Component: Designator=IC?(SOIC127P1032X265-16N)
Add component (AddParameter): Name = "Arrow Part Number"; Value = ""; VariantName = "[No Variations]"
Add component (AddParameter): Name = "Arrow Price/Stock"; Value = ""; VariantName = "[No Variations]"
Add component (AddParameter): Name = "Datasheet Link"; Value = "http://datasheetz.com/data/Integrated%20Circuits%20(ICs)/Amplifiers%20-%20Audio/LM4863M-datasheetz.html"; VariantName = "[No Variations]"
Add component (AddParameter): Name = "Height"; Value = "2.65mm"; VariantName = "[No Variations]"
Add component (AddParameter): Name = "Manufacturer_Name"; Value = "Texas Instruments"; VariantName = "[No Variations]"
Add component (AddParameter): Name = "Manufacturer_Part_Number"; Value = "LM4863M/NOPB"; VariantName = "[No Variations]"
Add component (AddParameter): Name = "Mouser Part Number"; Value = "N/A"; VariantName = "[No Variations]"
Add component (AddParameter): Name = "Mouser Price/Stock"; Value = "https://www.mouser.com/Search/Refine.aspx?Keyword=N%2FA"; VariantName = "[No Variations]"
Added Pin To Net: NetName=A Pin=IN-2
Added Pin To Net: NetName=A Pin=OUT-2
Added Net: Name=A
Added Pin To Net: NetName=D Pin=IN-8
Added Pin To Net: NetName=D Pin=OUT-8
Added Net: Name=D
Added Member To Class: ClassName=Relay and connector Member=Component IC? LM4863M_NOPB
