Removed Pin From Net: NetName=NetC41_1 Pin=R32-2
Removed Pin From Net: NetName=NetC39_1 Pin=R36-2
Removed Pin From Net: NetName=NetC42_1 Pin=R37-2
Removed Pin From Net: NetName=NetC40_1 Pin=R42-2
Removed Pin From Net: NetName=NetC39_2 Pin=R44-2
Removed Pin From Net: NetName=NetC40_2 Pin=R45-2
Removed Pin From Net: NetName=NetC41_2 Pin=R46-2
Removed Pin From Net: NetName=NetC42_2 Pin=R47-2
Change Component Footprint: Designator=C39 Old Footprint=CAP: D5C2H11 New Footprint=CAP: 0805
Change Component Footprint: Designator=C40 Old Footprint=CAP: D5C2H11 New Footprint=CAP: 0805
Change Component Footprint: Designator=C41 Old Footprint=CAP: D5C2H11 New Footprint=CAP: 0805
Change Component Footprint: Designator=C42 Old Footprint=CAP: D5C2H11 New Footprint=CAP: 0805
Change Component Comment : Designator=C39 Old Comment=Aluminium capacitor, 10?F, 25V, ±20%, 54mOhm, 14x10x5 mm, -55...+105°C New Comment=Ceramic capacitor, 1?F, X7R, ±10%, 16V, 0805, -55...+125°C
Change Component Comment : Designator=C40 Old Comment=Aluminium capacitor, 10?F, 25V, ±20%, 54mOhm, 14x10x5 mm, -55...+105°C New Comment=Ceramic capacitor, 1?F, X7R, ±10%, 16V, 0805, -55...+125°C
Change Component Comment : Designator=C41 Old Comment=Aluminium capacitor, 10?F, 25V, ±20%, 54mOhm, 14x10x5 mm, -55...+105°C New Comment=Ceramic capacitor, 1?F, X7R, ±10%, 16V, 0805, -55...+125°C
Change Component Comment : Designator=C42 Old Comment=Aluminium capacitor, 10?F, 25V, ±20%, 54mOhm, 14x10x5 mm, -55...+105°C New Comment=Ceramic capacitor, 1?F, X7R, ±10%, 16V, 0805, -55...+125°C
Change component parameters: Designator = "C39" ("C39"); Footprint = "CAP: D5C2H11"; UniqueID = "\LDSORPHK" ("\LDSORPHK")
Change component parameters (AddParameter): Name = "HelpURL"; Value = "https://www.digikey.com/product-detail/en/yageo/CC0805KRX7R7BB104/311-1142-1-ND/303052"; VariantName = "[No Variations]"
Change component parameters (AddParameter): Name = "Manufacturer"; Value = "Yageo"; VariantName = "[No Variations]"
Change component parameters (AddParameter): Name = "Package"; Value = "0805"; VariantName = "[No Variations]"
Change component parameters (AddParameter): Name = "PartNumber"; Value = "CC0805KRX7R7BB104"; VariantName = "[No Variations]"
Change component parameters (AddParameter): Name = "Temperature"; Value = "-55...+125°C"; VariantName = "[No Variations]"
Change component parameters (AddParameter): Name = "Tolerance"; Value = "±10%"; VariantName = "[No Variations]"
Change component parameters (AddParameter): Name = "TypeCapacitor"; Value = "Ceramic capacitor"; VariantName = "[No Variations]"
Change component parameters (AddParameter): Name = "TypeDielectric"; Value = "X7R"; VariantName = "[No Variations]"
Change component parameters (AddParameter): Name = "Value"; Value = "1?F"; VariantName = "[No Variations]"
Change component parameters (AddParameter): Name = "ValueManufacturerPartNumber"; Value = "Ceramic capacitor, 1?F, X7R, ±10%, 16V, 0805, -55...+125°C"; VariantName = "[No Variations]"
Change component parameters (AddParameter): Name = "Voltage"; Value = "16V"; VariantName = "[No Variations]"
Change component parameters: Designator = "C40" ("C40"); Footprint = "CAP: D5C2H11"; UniqueID = "\CHDRMVZI" ("\CHDRMVZI")
Change component parameters (AddParameter): Name = "HelpURL"; Value = "https://www.digikey.com/product-detail/en/yageo/CC0805KRX7R7BB104/311-1142-1-ND/303052"; VariantName = "[No Variations]"
Change component parameters (AddParameter): Name = "Manufacturer"; Value = "Yageo"; VariantName = "[No Variations]"
Change component parameters (AddParameter): Name = "Package"; Value = "0805"; VariantName = "[No Variations]"
Change component parameters (AddParameter): Name = "PartNumber"; Value = "CC0805KRX7R7BB104"; VariantName = "[No Variations]"
Change component parameters (AddParameter): Name = "Temperature"; Value = "-55...+125°C"; VariantName = "[No Variations]"
Change component parameters (AddParameter): Name = "Tolerance"; Value = "±10%"; VariantName = "[No Variations]"
Change component parameters (AddParameter): Name = "TypeCapacitor"; Value = "Ceramic capacitor"; VariantName = "[No Variations]"
Change component parameters (AddParameter): Name = "TypeDielectric"; Value = "X7R"; VariantName = "[No Variations]"
Change component parameters (AddParameter): Name = "Value"; Value = "1?F"; VariantName = "[No Variations]"
Change component parameters (AddParameter): Name = "ValueManufacturerPartNumber"; Value = "Ceramic capacitor, 1?F, X7R, ±10%, 16V, 0805, -55...+125°C"; VariantName = "[No Variations]"
Change component parameters (AddParameter): Name = "Voltage"; Value = "16V"; VariantName = "[No Variations]"
Change component parameters: Designator = "C41" ("C41"); Footprint = "CAP: D5C2H11"; UniqueID = "\PIMGZXGL" ("\PIMGZXGL")
Change component parameters (AddParameter): Name = "HelpURL"; Value = "https://www.digikey.com/product-detail/en/yageo/CC0805KRX7R7BB104/311-1142-1-ND/303052"; VariantName = "[No Variations]"
Change component parameters (AddParameter): Name = "Manufacturer"; Value = "Yageo"; VariantName = "[No Variations]"
Change component parameters (AddParameter): Name = "Package"; Value = "0805"; VariantName = "[No Variations]"
Change component parameters (AddParameter): Name = "PartNumber"; Value = "CC0805KRX7R7BB104"; VariantName = "[No Variations]"
Change component parameters (AddParameter): Name = "Temperature"; Value = "-55...+125°C"; VariantName = "[No Variations]"
Change component parameters (AddParameter): Name = "Tolerance"; Value = "±10%"; VariantName = "[No Variations]"
Change component parameters (AddParameter): Name = "TypeCapacitor"; Value = "Ceramic capacitor"; VariantName = "[No Variations]"
Change component parameters (AddParameter): Name = "TypeDielectric"; Value = "X7R"; VariantName = "[No Variations]"
Change component parameters (AddParameter): Name = "Value"; Value = "1?F"; VariantName = "[No Variations]"
Change component parameters (AddParameter): Name = "ValueManufacturerPartNumber"; Value = "Ceramic capacitor, 1?F, X7R, ±10%, 16V, 0805, -55...+125°C"; VariantName = "[No Variations]"
Change component parameters (AddParameter): Name = "Voltage"; Value = "16V"; VariantName = "[No Variations]"
Change component parameters: Designator = "C42" ("C42"); Footprint = "CAP: D5C2H11"; UniqueID = "\GBOPATDM" ("\GBOPATDM")
Change component parameters (AddParameter): Name = "HelpURL"; Value = "https://www.digikey.com/product-detail/en/yageo/CC0805KRX7R7BB104/311-1142-1-ND/303052"; VariantName = "[No Variations]"
Change component parameters (AddParameter): Name = "Manufacturer"; Value = "Yageo"; VariantName = "[No Variations]"
Change component parameters (AddParameter): Name = "Package"; Value = "0805"; VariantName = "[No Variations]"
Change component parameters (AddParameter): Name = "PartNumber"; Value = "CC0805KRX7R7BB104"; VariantName = "[No Variations]"
Change component parameters (AddParameter): Name = "Temperature"; Value = "-55...+125°C"; VariantName = "[No Variations]"
Change component parameters (AddParameter): Name = "Tolerance"; Value = "±10%"; VariantName = "[No Variations]"
Change component parameters (AddParameter): Name = "TypeCapacitor"; Value = "Ceramic capacitor"; VariantName = "[No Variations]"
Change component parameters (AddParameter): Name = "TypeDielectric"; Value = "X7R"; VariantName = "[No Variations]"
Change component parameters (AddParameter): Name = "Value"; Value = "1?F"; VariantName = "[No Variations]"
Change component parameters (AddParameter): Name = "ValueManufacturerPartNumber"; Value = "Ceramic capacitor, 1?F, X7R, ±10%, 16V, 0805, -55...+125°C"; VariantName = "[No Variations]"
Change component parameters (AddParameter): Name = "Voltage"; Value = "16V"; VariantName = "[No Variations]"
Added Pin To Net: NetName=NetC41_2 Pin=R32-2
Added Pin To Net: NetName=NetC39_2 Pin=R36-2
Added Pin To Net: NetName=NetC42_2 Pin=R37-2
Added Pin To Net: NetName=NetC40_2 Pin=R42-2
Added Pin To Net: NetName=NetC39_1 Pin=R44-2
Added Pin To Net: NetName=NetC40_1 Pin=R45-2
Added Pin To Net: NetName=NetC41_1 Pin=R46-2
Added Pin To Net: NetName=NetC42_1 Pin=R47-2
