Added Pin To Net: NetName=GND Pin=C29-2
Added Pin To Net: NetName=GND Pin=C31-2
Added Pin To Net: NetName=GND Pin=C33-1
Added Pin To Net: NetName=GND Pin=C34-1
Added Pin To Net: NetName=GND Pin=C35-1
Added Pin To Net: NetName=GND Pin=C36-1
Added Pin To Net: NetName=GND Pin=C37-1
Added Pin To Net: NetName=GND Pin=C38-1
Added Pin To Net: NetName=GND Pin=IC6-3
Added Pin To Net: NetName=GND Pin=IC6-4
Added Pin To Net: NetName=GND Pin=IC6-5
Added Pin To Net: NetName=GND Pin=IC6-10
Added Pin To Net: NetName=GND Pin=IC6-11
Added Pin To Net: NetName=GND Pin=IC6-12
Added Pin To Net: NetName=GND Pin=IC7-3
Added Pin To Net: NetName=GND Pin=IC7-4
Added Pin To Net: NetName=GND Pin=IC7-5
Added Pin To Net: NetName=GND Pin=IC7-10
Added Pin To Net: NetName=GND Pin=IC7-11
Added Pin To Net: NetName=GND Pin=IC7-12
Added Pin To Net: NetName=GND Pin=IN-2
Added Pin To Net: NetName=GND Pin=OUT-2
Change Net Name : Old Net Name=GND New Net Name=A
Added Member To Class: ClassName=Relay and connector Member=Component POWER Connector, 2pin, 2.54mm, 250VAC, 3A
